<?xml version="1.0" encoding="UTF-8"?>
<testsuite xmlns:xsi="http://www.w3.org/2001/XMLSchema-instance" xsi:noNamespaceSchemaLocation="https://maven.apache.org/surefire/maven-surefire-plugin/xsd/surefire-test-report.xsd" version="3.0.2" name="TestSuite" time="639.786" tests="1" errors="0" skipped="0" failures="0">
  <properties>
    <property name="java.specification.version" value="21"/>
    <property name="sun.cpu.isalist" value="amd64"/>
    <property name="sun.jnu.encoding" value="Cp1252"/>
    <property name="java.class.path" value="C:\Users\user.DESKTOP-I9IFEEO\eclipse-workspace\CompeteHealth\target\test-classes;C:\Users\user.DESKTOP-I9IFEEO\eclipse-workspace\CompeteHealth\target\classes;C:\Users\user.DESKTOP-I9IFEEO\.m2\repository\org\seleniumhq\selenium\selenium-java\4.33.0\selenium-java-4.33.0.jar;C:\Users\user.DESKTOP-I9IFEEO\.m2\repository\org\seleniumhq\selenium\selenium-api\4.33.0\selenium-api-4.33.0.jar;C:\Users\user.DESKTOP-I9IFEEO\.m2\repository\org\jspecify\jspecify\1.0.0\jspecify-1.0.0.jar;C:\Users\user.DESKTOP-I9IFEEO\.m2\repository\org\seleniumhq\selenium\selenium-chrome-driver\4.33.0\selenium-chrome-driver-4.33.0.jar;C:\Users\user.DESKTOP-I9IFEEO\.m2\repository\com\google\auto\service\auto-service-annotations\1.1.1\auto-service-annotations-1.1.1.jar;C:\Users\user.DESKTOP-I9IFEEO\.m2\repository\org\seleniumhq\selenium\selenium-chromium-driver\4.33.0\selenium-chromium-driver-4.33.0.jar;C:\Users\user.DESKTOP-I9IFEEO\.m2\repository\org\seleniumhq\selenium\selenium-json\4.33.0\selenium-json-4.33.0.jar;C:\Users\user.DESKTOP-I9IFEEO\.m2\repository\org\seleniumhq\selenium\selenium-manager\4.33.0\selenium-manager-4.33.0.jar;C:\Users\user.DESKTOP-I9IFEEO\.m2\repository\org\seleniumhq\selenium\selenium-devtools-v135\4.33.0\selenium-devtools-v135-4.33.0.jar;C:\Users\user.DESKTOP-I9IFEEO\.m2\repository\org\seleniumhq\selenium\selenium-devtools-v136\4.33.0\selenium-devtools-v136-4.33.0.jar;C:\Users\user.DESKTOP-I9IFEEO\.m2\repository\org\seleniumhq\selenium\selenium-devtools-v137\4.33.0\selenium-devtools-v137-4.33.0.jar;C:\Users\user.DESKTOP-I9IFEEO\.m2\repository\org\seleniumhq\selenium\selenium-edge-driver\4.33.0\selenium-edge-driver-4.33.0.jar;C:\Users\user.DESKTOP-I9IFEEO\.m2\repository\org\seleniumhq\selenium\selenium-firefox-driver\4.33.0\selenium-firefox-driver-4.33.0.jar;C:\Users\user.DESKTOP-I9IFEEO\.m2\repository\org\seleniumhq\selenium\selenium-http\4.33.0\selenium-http-4.33.0.jar;C:\Users\user.DESKTOP-I9IFEEO\.m2\repository\org\seleniumhq\selenium\selenium-ie-driver\4.33.0\selenium-ie-driver-4.33.0.jar;C:\Users\user.DESKTOP-I9IFEEO\.m2\repository\org\seleniumhq\selenium\selenium-remote-driver\4.33.0\selenium-remote-driver-4.33.0.jar;C:\Users\user.DESKTOP-I9IFEEO\.m2\repository\com\google\guava\guava\33.4.8-jre\guava-33.4.8-jre.jar;C:\Users\user.DESKTOP-I9IFEEO\.m2\repository\com\google\guava\failureaccess\1.0.3\failureaccess-1.0.3.jar;C:\Users\user.DESKTOP-I9IFEEO\.m2\repository\com\google\guava\listenablefuture\9999.0-empty-to-avoid-conflict-with-guava\listenablefuture-9999.0-empty-to-avoid-conflict-with-guava.jar;C:\Users\user.DESKTOP-I9IFEEO\.m2\repository\com\google\j2objc\j2objc-annotations\3.0.0\j2objc-annotations-3.0.0.jar;C:\Users\user.DESKTOP-I9IFEEO\.m2\repository\io\opentelemetry\opentelemetry-api\1.50.0\opentelemetry-api-1.50.0.jar;C:\Users\user.DESKTOP-I9IFEEO\.m2\repository\io\opentelemetry\opentelemetry-context\1.50.0\opentelemetry-context-1.50.0.jar;C:\Users\user.DESKTOP-I9IFEEO\.m2\repository\io\opentelemetry\opentelemetry-exporter-logging\1.50.0\opentelemetry-exporter-logging-1.50.0.jar;C:\Users\user.DESKTOP-I9IFEEO\.m2\repository\io\opentelemetry\opentelemetry-sdk-common\1.50.0\opentelemetry-sdk-common-1.50.0.jar;C:\Users\user.DESKTOP-I9IFEEO\.m2\repository\io\opentelemetry\opentelemetry-sdk-extension-autoconfigure-spi\1.50.0\opentelemetry-sdk-extension-autoconfigure-spi-1.50.0.jar;C:\Users\user.DESKTOP-I9IFEEO\.m2\repository\io\opentelemetry\opentelemetry-sdk-extension-autoconfigure\1.50.0\opentelemetry-sdk-extension-autoconfigure-1.50.0.jar;C:\Users\user.DESKTOP-I9IFEEO\.m2\repository\io\opentelemetry\opentelemetry-sdk-trace\1.50.0\opentelemetry-sdk-trace-1.50.0.jar;C:\Users\user.DESKTOP-I9IFEEO\.m2\repository\io\opentelemetry\opentelemetry-sdk\1.50.0\opentelemetry-sdk-1.50.0.jar;C:\Users\user.DESKTOP-I9IFEEO\.m2\repository\io\opentelemetry\opentelemetry-sdk-metrics\1.50.0\opentelemetry-sdk-metrics-1.50.0.jar;C:\Users\user.DESKTOP-I9IFEEO\.m2\repository\io\opentelemetry\opentelemetry-sdk-logs\1.50.0\opentelemetry-sdk-logs-1.50.0.jar;C:\Users\user.DESKTOP-I9IFEEO\.m2\repository\net\bytebuddy\byte-buddy\1.17.5\byte-buddy-1.17.5.jar;C:\Users\user.DESKTOP-I9IFEEO\.m2\repository\org\seleniumhq\selenium\selenium-os\4.33.0\selenium-os-4.33.0.jar;C:\Users\user.DESKTOP-I9IFEEO\.m2\repository\org\apache\commons\commons-exec\1.4.0\commons-exec-1.4.0.jar;C:\Users\user.DESKTOP-I9IFEEO\.m2\repository\org\seleniumhq\selenium\selenium-safari-driver\4.33.0\selenium-safari-driver-4.33.0.jar;C:\Users\user.DESKTOP-I9IFEEO\.m2\repository\org\seleniumhq\selenium\selenium-support\4.33.0\selenium-support-4.33.0.jar;C:\Users\user.DESKTOP-I9IFEEO\.m2\repository\io\appium\java-client\9.4.0\java-client-9.4.0.jar;C:\Users\user.DESKTOP-I9IFEEO\.m2\repository\com\google\code\gson\gson\2.11.0\gson-2.11.0.jar;C:\Users\user.DESKTOP-I9IFEEO\.m2\repository\com\google\errorprone\error_prone_annotations\2.27.0\error_prone_annotations-2.27.0.jar;C:\Users\user.DESKTOP-I9IFEEO\.m2\repository\org\slf4j\slf4j-api\2.0.16\slf4j-api-2.0.16.jar;C:\Users\user.DESKTOP-I9IFEEO\.m2\repository\org\testng\testng\7.11.0\testng-7.11.0.jar;C:\Users\user.DESKTOP-I9IFEEO\.m2\repository\org\jcommander\jcommander\1.83\jcommander-1.83.jar;C:\Users\user.DESKTOP-I9IFEEO\.m2\repository\org\webjars\jquery\3.7.1\jquery-3.7.1.jar;C:\Users\user.DESKTOP-I9IFEEO\.m2\repository\commons-io\commons-io\2.19.0\commons-io-2.19.0.jar;C:\Users\user.DESKTOP-I9IFEEO\.m2\repository\com\fasterxml\jackson\core\jackson-databind\2.19.1\jackson-databind-2.19.1.jar;C:\Users\user.DESKTOP-I9IFEEO\.m2\repository\com\fasterxml\jackson\core\jackson-annotations\2.19.1\jackson-annotations-2.19.1.jar;C:\Users\user.DESKTOP-I9IFEEO\.m2\repository\com\fasterxml\jackson\core\jackson-core\2.19.1\jackson-core-2.19.1.jar;C:\Users\user.DESKTOP-I9IFEEO\.m2\repository\com\aventstack\extentreports\5.1.2\extentreports-5.1.2.jar;C:\Users\user.DESKTOP-I9IFEEO\.m2\repository\io\reactivex\rxjava3\rxjava\3.1.6\rxjava-3.1.6.jar;C:\Users\user.DESKTOP-I9IFEEO\.m2\repository\org\reactivestreams\reactive-streams\1.0.4\reactive-streams-1.0.4.jar;C:\Users\user.DESKTOP-I9IFEEO\.m2\repository\org\freemarker\freemarker\2.3.32\freemarker-2.3.32.jar;C:\Users\user.DESKTOP-I9IFEEO\.m2\repository\org\projectlombok\lombok\1.18.26\lombok-1.18.26.jar;"/>
    <property name="java.vm.vendor" value="Oracle Corporation"/>
    <property name="sun.arch.data.model" value="64"/>
    <property name="user.variant" value=""/>
    <property name="java.vendor.url" value="https://java.oracle.com/"/>
    <property name="user.timezone" value="Asia/Calcutta"/>
    <property name="os.name" value="Windows 10"/>
    <property name="java.vm.specification.version" value="21"/>
    <property name="sun.java.launcher" value="SUN_STANDARD"/>
    <property name="user.country" value="IN"/>
    <property name="sun.boot.library.path" value="C:\Program Files\Java\jdk-21\bin"/>
    <property name="sun.java.command" value="C:\Users\user.DESKTOP-I9IFEEO\AppData\Local\Temp\surefire4440752635119725960\surefirebooter-20250825185459986_3.jar C:\Users\user.DESKTOP-I9IFEEO\AppData\Local\Temp\surefire4440752635119725960 2025-08-25T18-54-59_840-jvmRun1 surefire-20250825185459986_1tmp surefire_0-20250825185459986_2tmp"/>
    <property name="jdk.debug" value="release"/>
    <property name="surefire.test.class.path" value="C:\Users\user.DESKTOP-I9IFEEO\eclipse-workspace\CompeteHealth\target\test-classes;C:\Users\user.DESKTOP-I9IFEEO\eclipse-workspace\CompeteHealth\target\classes;C:\Users\user.DESKTOP-I9IFEEO\.m2\repository\org\seleniumhq\selenium\selenium-java\4.33.0\selenium-java-4.33.0.jar;C:\Users\user.DESKTOP-I9IFEEO\.m2\repository\org\seleniumhq\selenium\selenium-api\4.33.0\selenium-api-4.33.0.jar;C:\Users\user.DESKTOP-I9IFEEO\.m2\repository\org\jspecify\jspecify\1.0.0\jspecify-1.0.0.jar;C:\Users\user.DESKTOP-I9IFEEO\.m2\repository\org\seleniumhq\selenium\selenium-chrome-driver\4.33.0\selenium-chrome-driver-4.33.0.jar;C:\Users\user.DESKTOP-I9IFEEO\.m2\repository\com\google\auto\service\auto-service-annotations\1.1.1\auto-service-annotations-1.1.1.jar;C:\Users\user.DESKTOP-I9IFEEO\.m2\repository\org\seleniumhq\selenium\selenium-chromium-driver\4.33.0\selenium-chromium-driver-4.33.0.jar;C:\Users\user.DESKTOP-I9IFEEO\.m2\repository\org\seleniumhq\selenium\selenium-json\4.33.0\selenium-json-4.33.0.jar;C:\Users\user.DESKTOP-I9IFEEO\.m2\repository\org\seleniumhq\selenium\selenium-manager\4.33.0\selenium-manager-4.33.0.jar;C:\Users\user.DESKTOP-I9IFEEO\.m2\repository\org\seleniumhq\selenium\selenium-devtools-v135\4.33.0\selenium-devtools-v135-4.33.0.jar;C:\Users\user.DESKTOP-I9IFEEO\.m2\repository\org\seleniumhq\selenium\selenium-devtools-v136\4.33.0\selenium-devtools-v136-4.33.0.jar;C:\Users\user.DESKTOP-I9IFEEO\.m2\repository\org\seleniumhq\selenium\selenium-devtools-v137\4.33.0\selenium-devtools-v137-4.33.0.jar;C:\Users\user.DESKTOP-I9IFEEO\.m2\repository\org\seleniumhq\selenium\selenium-edge-driver\4.33.0\selenium-edge-driver-4.33.0.jar;C:\Users\user.DESKTOP-I9IFEEO\.m2\repository\org\seleniumhq\selenium\selenium-firefox-driver\4.33.0\selenium-firefox-driver-4.33.0.jar;C:\Users\user.DESKTOP-I9IFEEO\.m2\repository\org\seleniumhq\selenium\selenium-http\4.33.0\selenium-http-4.33.0.jar;C:\Users\user.DESKTOP-I9IFEEO\.m2\repository\org\seleniumhq\selenium\selenium-ie-driver\4.33.0\selenium-ie-driver-4.33.0.jar;C:\Users\user.DESKTOP-I9IFEEO\.m2\repository\org\seleniumhq\selenium\selenium-remote-driver\4.33.0\selenium-remote-driver-4.33.0.jar;C:\Users\user.DESKTOP-I9IFEEO\.m2\repository\com\google\guava\guava\33.4.8-jre\guava-33.4.8-jre.jar;C:\Users\user.DESKTOP-I9IFEEO\.m2\repository\com\google\guava\failureaccess\1.0.3\failureaccess-1.0.3.jar;C:\Users\user.DESKTOP-I9IFEEO\.m2\repository\com\google\guava\listenablefuture\9999.0-empty-to-avoid-conflict-with-guava\listenablefuture-9999.0-empty-to-avoid-conflict-with-guava.jar;C:\Users\user.DESKTOP-I9IFEEO\.m2\repository\com\google\j2objc\j2objc-annotations\3.0.0\j2objc-annotations-3.0.0.jar;C:\Users\user.DESKTOP-I9IFEEO\.m2\repository\io\opentelemetry\opentelemetry-api\1.50.0\opentelemetry-api-1.50.0.jar;C:\Users\user.DESKTOP-I9IFEEO\.m2\repository\io\opentelemetry\opentelemetry-context\1.50.0\opentelemetry-context-1.50.0.jar;C:\Users\user.DESKTOP-I9IFEEO\.m2\repository\io\opentelemetry\opentelemetry-exporter-logging\1.50.0\opentelemetry-exporter-logging-1.50.0.jar;C:\Users\user.DESKTOP-I9IFEEO\.m2\repository\io\opentelemetry\opentelemetry-sdk-common\1.50.0\opentelemetry-sdk-common-1.50.0.jar;C:\Users\user.DESKTOP-I9IFEEO\.m2\repository\io\opentelemetry\opentelemetry-sdk-extension-autoconfigure-spi\1.50.0\opentelemetry-sdk-extension-autoconfigure-spi-1.50.0.jar;C:\Users\user.DESKTOP-I9IFEEO\.m2\repository\io\opentelemetry\opentelemetry-sdk-extension-autoconfigure\1.50.0\opentelemetry-sdk-extension-autoconfigure-1.50.0.jar;C:\Users\user.DESKTOP-I9IFEEO\.m2\repository\io\opentelemetry\opentelemetry-sdk-trace\1.50.0\opentelemetry-sdk-trace-1.50.0.jar;C:\Users\user.DESKTOP-I9IFEEO\.m2\repository\io\opentelemetry\opentelemetry-sdk\1.50.0\opentelemetry-sdk-1.50.0.jar;C:\Users\user.DESKTOP-I9IFEEO\.m2\repository\io\opentelemetry\opentelemetry-sdk-metrics\1.50.0\opentelemetry-sdk-metrics-1.50.0.jar;C:\Users\user.DESKTOP-I9IFEEO\.m2\repository\io\opentelemetry\opentelemetry-sdk-logs\1.50.0\opentelemetry-sdk-logs-1.50.0.jar;C:\Users\user.DESKTOP-I9IFEEO\.m2\repository\net\bytebuddy\byte-buddy\1.17.5\byte-buddy-1.17.5.jar;C:\Users\user.DESKTOP-I9IFEEO\.m2\repository\org\seleniumhq\selenium\selenium-os\4.33.0\selenium-os-4.33.0.jar;C:\Users\user.DESKTOP-I9IFEEO\.m2\repository\org\apache\commons\commons-exec\1.4.0\commons-exec-1.4.0.jar;C:\Users\user.DESKTOP-I9IFEEO\.m2\repository\org\seleniumhq\selenium\selenium-safari-driver\4.33.0\selenium-safari-driver-4.33.0.jar;C:\Users\user.DESKTOP-I9IFEEO\.m2\repository\org\seleniumhq\selenium\selenium-support\4.33.0\selenium-support-4.33.0.jar;C:\Users\user.DESKTOP-I9IFEEO\.m2\repository\io\appium\java-client\9.4.0\java-client-9.4.0.jar;C:\Users\user.DESKTOP-I9IFEEO\.m2\repository\com\google\code\gson\gson\2.11.0\gson-2.11.0.jar;C:\Users\user.DESKTOP-I9IFEEO\.m2\repository\com\google\errorprone\error_prone_annotations\2.27.0\error_prone_annotations-2.27.0.jar;C:\Users\user.DESKTOP-I9IFEEO\.m2\repository\org\slf4j\slf4j-api\2.0.16\slf4j-api-2.0.16.jar;C:\Users\user.DESKTOP-I9IFEEO\.m2\repository\org\testng\testng\7.11.0\testng-7.11.0.jar;C:\Users\user.DESKTOP-I9IFEEO\.m2\repository\org\jcommander\jcommander\1.83\jcommander-1.83.jar;C:\Users\user.DESKTOP-I9IFEEO\.m2\repository\org\webjars\jquery\3.7.1\jquery-3.7.1.jar;C:\Users\user.DESKTOP-I9IFEEO\.m2\repository\commons-io\commons-io\2.19.0\commons-io-2.19.0.jar;C:\Users\user.DESKTOP-I9IFEEO\.m2\repository\com\fasterxml\jackson\core\jackson-databind\2.19.1\jackson-databind-2.19.1.jar;C:\Users\user.DESKTOP-I9IFEEO\.m2\repository\com\fasterxml\jackson\core\jackson-annotations\2.19.1\jackson-annotations-2.19.1.jar;C:\Users\user.DESKTOP-I9IFEEO\.m2\repository\com\fasterxml\jackson\core\jackson-core\2.19.1\jackson-core-2.19.1.jar;C:\Users\user.DESKTOP-I9IFEEO\.m2\repository\com\aventstack\extentreports\5.1.2\extentreports-5.1.2.jar;C:\Users\user.DESKTOP-I9IFEEO\.m2\repository\io\reactivex\rxjava3\rxjava\3.1.6\rxjava-3.1.6.jar;C:\Users\user.DESKTOP-I9IFEEO\.m2\repository\org\reactivestreams\reactive-streams\1.0.4\reactive-streams-1.0.4.jar;C:\Users\user.DESKTOP-I9IFEEO\.m2\repository\org\freemarker\freemarker\2.3.32\freemarker-2.3.32.jar;C:\Users\user.DESKTOP-I9IFEEO\.m2\repository\org\projectlombok\lombok\1.18.26\lombok-1.18.26.jar;"/>
    <property name="sun.cpu.endian" value="little"/>
    <property name="user.home" value="C:\Users\user.DESKTOP-I9IFEEO"/>
    <property name="user.language" value="en"/>
    <property name="java.specification.vendor" value="Oracle Corporation"/>
    <property name="java.version.date" value="2025-01-21"/>
    <property name="java.home" value="C:\Program Files\Java\jdk-21"/>
    <property name="file.separator" value="\"/>
    <property name="basedir" value="C:\Users\user.DESKTOP-I9IFEEO\eclipse-workspace\CompeteHealth"/>
    <property name="java.vm.compressedOopsMode" value="32-bit"/>
    <property name="line.separator" value="&#10;"/>
    <property name="java.vm.specification.vendor" value="Oracle Corporation"/>
    <property name="java.specification.name" value="Java Platform API Specification"/>
    <property name="surefire.real.class.path" value="C:\Users\user.DESKTOP-I9IFEEO\AppData\Local\Temp\surefire4440752635119725960\surefirebooter-20250825185459986_3.jar"/>
    <property name="user.script" value=""/>
    <property name="sun.management.compiler" value="HotSpot 64-Bit Tiered Compilers"/>
    <property name="java.runtime.version" value="21.0.6+8-LTS-188"/>
    <property name="user.name" value="user"/>
    <property name="stdout.encoding" value="Cp1252"/>
    <property name="path.separator" value=";"/>
    <property name="os.version" value="10.0"/>
    <property name="java.runtime.name" value="Java(TM) SE Runtime Environment"/>
    <property name="file.encoding" value="UTF-8"/>
    <property name="java.vm.name" value="Java HotSpot(TM) 64-Bit Server VM"/>
    <property name="localRepository" value="C:\Users\user.DESKTOP-I9IFEEO\.m2\repository"/>
    <property name="java.vendor.url.bug" value="https://bugreport.java.com/bugreport/"/>
    <property name="java.io.tmpdir" value="C:\Users\USER~1.DES\AppData\Local\Temp\"/>
    <property name="java.version" value="21.0.6"/>
    <property name="user.dir" value="C:\Users\user.DESKTOP-I9IFEEO\eclipse-workspace\CompeteHealth"/>
    <property name="os.arch" value="amd64"/>
    <property name="java.vm.specification.name" value="Java Virtual Machine Specification"/>
    <property name="sun.os.patch.level" value=""/>
    <property name="native.encoding" value="Cp1252"/>
    <property name="java.library.path" value="C:\Program Files\Java\jdk-21\bin;C:\WINDOWS\Sun\Java\bin;C:\WINDOWS\system32;C:\WINDOWS;C:\Program Files\Common Files\Oracle\Java\javapath;C:\WINDOWS\system32;C:\WINDOWS;C:\WINDOWS\System32\Wbem;C:\WINDOWS\System32\WindowsPowerShell\v1.0\;C:\WINDOWS\System32\OpenSSH\;C:\ProgramData\chocolatey\bin;C:\Program Files\Microsoft SQL Server\150\Tools\Binn\;C:\Program Files\Microsoft SQL Server\Client SDK\ODBC\170\Tools\Binn\;C:\Program Files\dotnet\;C:\Program Files\Java\jdk-21\bin;C:\Program Files\Git\cmd;C:\Program Files\nodejs\;C:\Users\user.DESKTOP-I9IFEEO\AppData\Local\Android\Sdk;C:\Users\user.DESKTOP-I9IFEEO\AppData\Local\Android\Sdk\tools\bin;C:\Users\user.DESKTOP-I9IFEEO\AppData\Local\Android\Sdk\tools;C:\Users\user.DESKTOP-I9IFEEO\AppData\Local\Android\Sdk\platform-tools;C:\Program Files\nodejs\node_modules\npm\bin;C:\Users\user.DESKTOP-I9IFEEO\AppData\Local\Microsoft\WindowsApps;C:\Users\user.DESKTOP-I9IFEEO\AppData\Local\Programs\Microsoft VS Code\bin;C:\Users\user.DESKTOP-I9IFEEO\AppData\Roaming\npm;C:\apache-maven-3.9.10\bin;C:\Users\user.DESKTOP-I9IFEEO\AppData\Local\Programs\cursor\resources\app\bin;."/>
    <property name="java.vm.info" value="mixed mode, sharing"/>
    <property name="stderr.encoding" value="Cp1252"/>
    <property name="java.vendor" value="Oracle Corporation"/>
    <property name="java.vm.version" value="21.0.6+8-LTS-188"/>
    <property name="sun.io.unicode.encoding" value="UnicodeLittle"/>
    <property name="java.class.version" value="65.0"/>
  </properties>
  <testcase name="ChallengeCreation[[{entryFee=20, numOfGroups=null, endDate=27-08-2025, typeName=Sleep Tracking, percentages=[55, 45], description=Sleep tracking challenge, numWinners=2, password=Hello@123, privatePass=null, name=Automation: Sleep Challenge, tieredStructure=null, subType=null, startTime=18:00, endTime=19:00, email=akshittested@yopmail.com, startDate=26-08-2025}, {entryFee=15, numOfGroups=null, endDate=27-08-2025, typeName=Distance, percentages=[60, 40], description=Distance - Walk/Run challenge, numWinners=2, privatePass=null, name=Automation: Distance Challenge - Walk/Run, tieredStructure=null, subType=Walk/Run, startTime=18:00, endTime=20:00, startDate=26-08-2025}, {entryFee=25, numOfGroups=null, endDate=27-08-2025, typeName=Distance, percentages=[50, 30, 20], description=Distance - Cycle challenge, numWinners=3, privatePass=null, name=Automation: Distance Challenge - Cycle, tieredStructure=null, subType=Cycle, startTime=19:00, endTime=21:00, startDate=26-08-2025}, {entryFee=20, numOfGroups=null, endDate=27-08-2025, typeName=Distance, percentages=null, description=Distance - All activities, numWinners=null, privatePass=null, name=Automation: Distance Challenge - All the above, tieredStructure=Age, subType=All the above, startTime=21:00, endTime=23:00, startDate=26-08-2025}, {entryFee=15, numOfGroups=null, endDate=27-08-2025, typeName=Step, percentages=[70, 30], description=Steps challenge, numWinners=2, privatePass=null, name=Automation: Steps - 5, tieredStructure=null, subType=null, startTime=22:00, endTime=23:00, startDate=26-08-2025}, {entryFee=20, numOfGroups=2, endDate=27-08-2025, typeName=Calories Burned, percentages=null, description=Calories challenge automation, numWinners=null, privatePass=null, name=Automation: Calories Challenge Automation - 1, tieredStructure=6-Month Average, subType=Walk/Run, startTime=13:00, endTime=23:00, startDate=26-08-2025}, {entryFee=15, numOfGroups=3, endDate=27-08-2025, typeName=Active Minutes, percentages=null, description=Active Minutes - All activities, numWinners=null, privatePass=null, name=Automation: Active Minutes - All the above - 1, tieredStructure=12-Month Average, subType=All the above, startTime=17:00, endTime=18:00, startDate=26-08-2025}]](1)" classname="CompeteHealth.TestComponents.creation" time="602.316">
    <system-out><![CDATA[&amp#27;[38;5;112m[Appium]&amp#27;[0m Welcome to Appium v2.18.0
&amp#27;[38;5;112m[Appium]&amp#27;[0m Non-default server args:
&amp#27;[38;5;112m[Appium]&amp#27;[0m { address: &amp#27;[32m'127.0.0.1'&amp#27;[39m }
&amp#27;[38;5;112m[Appium]&amp#27;[0m The autodetected Appium home path: C:\Users\user.DESKTOP-I9IFEEO\.appium
&amp#27;[38;5;112m[Appium]&amp#27;[0m Attempting to load driver uiautomator2...
&amp#27;[38;5;112m[Appium]&amp#27;[0m Attempting to load driver xcuitest...
&amp#27;[38;5;112m[Appium]&amp#27;[0m Attempting to load driver gecko...
&amp#27;[38;5;112m[Appium]&amp#27;[0m Requiring driver at C:\Users\user.DESKTOP-I9IFEEO\.appium\node_modules\appium-xcuitest-driver\build\index.js
&amp#27;[38;5;112m[Appium]&amp#27;[0m Requiring driver at C:\Users\user.DESKTOP-I9IFEEO\.appium\node_modules\appium-geckodriver\build\index.js
&amp#27;[38;5;112m[Appium]&amp#27;[0m Requiring driver at C:\Users\user.DESKTOP-I9IFEEO\.appium\node_modules\appium-uiautomator2-driver\build\index.js
&amp#27;[38;5;112m[Appium]&amp#27;[0m GeckoDriver has been successfully loaded in 0.145s
&amp#27;[38;5;112m[Appium]&amp#27;[0m AndroidUiautomator2Driver has been successfully loaded in 2.103s
&amp#27;[38;5;112m[Appium]&amp#27;[0m XCUITestDriver has been successfully loaded in 4.442s
&amp#27;[38;5;112m[Appium]&amp#27;[0m Appium REST http interface listener started on http://127.0.0.1:4723
&amp#27;[38;5;112m[Appium]&amp#27;[0m Available drivers:
&amp#27;[38;5;112m[Appium]&amp#27;[0m   - uiautomator2@4.2.3 (automationName 'UiAutomator2')
&amp#27;[38;5;112m[Appium]&amp#27;[0m   - xcuitest@9.2.4 (automationName 'XCUITest')
&amp#27;[38;5;112m[Appium]&amp#27;[0m   - gecko@1.4.3 (automationName 'Gecko')
&amp#27;[38;5;112m[Appium]&amp#27;[0m No plugins have been installed. Use the "appium plugin" command to install the one(s) you want to use.
&amp#27;[38;5;201m[2fe469a6]&amp#27;[0m&amp#27;[38;5;86m[HTTP]&amp#27;[0m &amp#27;[37m-->&amp#27;[39m &amp#27;[37mGET&amp#27;[39m &amp#27;[37m/session/2fe469a6-0293-4b0d-b6c8-866df249ed8f/timeouts&amp#27;[39m &amp#27;[90m{}&amp#27;[39m
&amp#27;[38;5;201m[2fe469a6]&amp#27;[0m&amp#27;[38;5;107m[AppiumDriver@40a8]&amp#27;[0m Encountered internal error running command: NoSuchDriverError: A session is either terminated or not started
    at asyncHandler (C:\Users\user.DESKTOP-I9IFEEO\AppData\Roaming\npm\node_modules\appium\node_modules\@appium\base-driver\lib\protocol\protocol.js:311:15)
    at C:\Users\user.DESKTOP-I9IFEEO\AppData\Roaming\npm\node_modules\appium\node_modules\@appium\base-driver\lib\protocol\protocol.js:514:15
    at Layer.handle [as handle_request] (C:\Users\user.DESKTOP-I9IFEEO\AppData\Roaming\npm\node_modules\appium\node_modules\express\lib\router\layer.js:95:5)
    at next (C:\Users\user.DESKTOP-I9IFEEO\AppData\Roaming\npm\node_modules\appium\node_modules\express\lib\router\route.js:149:13)
    at Route.dispatch (C:\Users\user.DESKTOP-I9IFEEO\AppData\Roaming\npm\node_modules\appium\node_modules\express\lib\router\route.js:119:3)
    at Layer.handle [as handle_request] (C:\Users\user.DESKTOP-I9IFEEO\AppData\Roaming\npm\node_modules\appium\node_modules\express\lib\router\layer.js:95:5)
    at C:\Users\user.DESKTOP-I9IFEEO\AppData\Roaming\npm\node_modules\appium\node_modules\express\lib\router\index.js:284:15
    at param (C:\Users\user.DESKTOP-I9IFEEO\AppData\Roaming\npm\node_modules\appium\node_modules\express\lib\router\index.js:365:14)
    at param (C:\Users\user.DESKTOP-I9IFEEO\AppData\Roaming\npm\node_modules\appium\node_modules\express\lib\router\index.js:376:14)
    at Function.process_params (C:\Users\user.DESKTOP-I9IFEEO\AppData\Roaming\npm\node_modules\appium\node_modules\express\lib\router\index.js:421:3)
    at next (C:\Users\user.DESKTOP-I9IFEEO\AppData\Roaming\npm\node_modules\appium\node_modules\express\lib\router\index.js:280:10)
    at logger (C:\Users\user.DESKTOP-I9IFEEO\AppData\Roaming\npm\node_modules\appium\node_modules\morgan\index.js:144:5)
    at Layer.handle [as handle_request] (C:\Users\user.DESKTOP-I9IFEEO\AppData\Roaming\npm\node_modules\appium\node_modules\express\lib\router\layer.js:95:5)
    at trim_prefix (C:\Users\user.DESKTOP-I9IFEEO\AppData\Roaming\npm\node_modules\appium\node_modules\express\lib\router\index.js:328:13)
    at C:\Users\user.DESKTOP-I9IFEEO\AppData\Roaming\npm\node_modules\appium\node_modules\express\lib\router\index.js:286:9
    at Function.process_params (C:\Users\user.DESKTOP-I9IFEEO\AppData\Roaming\npm\node_modules\appium\node_modules\express\lib\router\index.js:346:12)
    at next (C:\Users\user.DESKTOP-I9IFEEO\AppData\Roaming\npm\node_modules\appium\node_modules\express\lib\router\index.js:280:10)
    at jsonParser (C:\Users\user.DESKTOP-I9IFEEO\AppData\Roaming\npm\node_modules\appium\node_modules\body-parser\lib\types\json.js:113:7)
    at Layer.handle [as handle_request] (C:\Users\user.DESKTOP-I9IFEEO\AppData\Roaming\npm\node_modules\appium\node_modules\express\lib\router\layer.js:95:5)
    at trim_prefix (C:\Users\user.DESKTOP-I9IFEEO\AppData\Roaming\npm\node_modules\appium\node_modules\express\lib\router\index.js:328:13)
    at C:\Users\user.DESKTOP-I9IFEEO\AppData\Roaming\npm\node_modules\appium\node_modules\express\lib\router\index.js:286:9
    at Function.process_params (C:\Users\user.DESKTOP-I9IFEEO\AppData\Roaming\npm\node_modules\appium\node_modules\express\lib\router\index.js:346:12)
    at next (C:\Users\user.DESKTOP-I9IFEEO\AppData\Roaming\npm\node_modules\appium\node_modules\express\lib\router\index.js:280:10)
    at Layer.handle [as handle_request] (C:\Users\user.DESKTOP-I9IFEEO\AppData\Roaming\npm\node_modules\appium\node_modules\express\lib\router\layer.js:91:12)
    at trim_prefix (C:\Users\user.DESKTOP-I9IFEEO\AppData\Roaming\npm\node_modules\appium\node_modules\express\lib\router\index.js:328:13)
    at C:\Users\user.DESKTOP-I9IFEEO\AppData\Roaming\npm\node_modules\appium\node_modules\express\lib\router\index.js:286:9
    at Function.process_params (C:\Users\user.DESKTOP-I9IFEEO\AppData\Roaming\npm\node_modules\appium\node_modules\express\lib\router\index.js:346:12)
    at next (C:\Users\user.DESKTOP-I9IFEEO\AppData\Roaming\npm\node_modules\appium\node_modules\express\lib\router\index.js:280:10)
    at methodOverride (C:\Users\user.DESKTOP-I9IFEEO\AppData\Roaming\npm\node_modules\appium\node_modules\method-override\index.js:65:14)
    at Layer.handle [as handle_request] (C:\Users\user.DESKTOP-I9IFEEO\AppData\Roaming\npm\node_modules\appium\node_modules\express\lib\router\layer.js:95:5)
    at trim_prefix (C:\Users\user.DESKTOP-I9IFEEO\AppData\Roaming\npm\node_modules\appium\node_modules\express\lib\router\index.js:328:13)
    at C:\Users\user.DESKTOP-I9IFEEO\AppData\Roaming\npm\node_modules\appium\node_modules\express\lib\router\index.js:286:9
    at Function.process_params (C:\Users\user.DESKTOP-I9IFEEO\AppData\Roaming\npm\node_modules\appium\node_modules\express\lib\router\index.js:346:12)
    at next (C:\Users\user.DESKTOP-I9IFEEO\AppData\Roaming\npm\node_modules\appium\node_modules\express\lib\router\index.js:280:10)
&amp#27;[38;5;201m[2fe469a6]&amp#27;[0m&amp#27;[38;5;86m[HTTP]&amp#27;[0m &amp#27;[37m<-- GET /session/2fe469a6-0293-4b0d-b6c8-866df249ed8f/timeouts &amp#27;[39m&amp#27;[33m404&amp#27;[39m &amp#27;[90m30 ms - 5394&amp#27;[39m &amp#27;[90m&amp#27;[39m
&amp#27;[38;5;201m[2fe469a6]&amp#27;[0m&amp#27;[38;5;86m[HTTP]&amp#27;[0m &amp#27;[37m-->&amp#27;[39m &amp#27;[37mGET&amp#27;[39m &amp#27;[37m/session/2fe469a6-0293-4b0d-b6c8-866df249ed8f/timeouts&amp#27;[39m &amp#27;[90m{}&amp#27;[39m
&amp#27;[38;5;201m[2fe469a6]&amp#27;[0m&amp#27;[38;5;107m[AppiumDriver@40a8]&amp#27;[0m Encountered internal error running command: NoSuchDriverError: A session is either terminated or not started
    at asyncHandler (C:\Users\user.DESKTOP-I9IFEEO\AppData\Roaming\npm\node_modules\appium\node_modules\@appium\base-driver\lib\protocol\protocol.js:311:15)
    at C:\Users\user.DESKTOP-I9IFEEO\AppData\Roaming\npm\node_modules\appium\node_modules\@appium\base-driver\lib\protocol\protocol.js:514:15
    at Layer.handle [as handle_request] (C:\Users\user.DESKTOP-I9IFEEO\AppData\Roaming\npm\node_modules\appium\node_modules\express\lib\router\layer.js:95:5)
    at next (C:\Users\user.DESKTOP-I9IFEEO\AppData\Roaming\npm\node_modules\appium\node_modules\express\lib\router\route.js:149:13)
    at Route.dispatch (C:\Users\user.DESKTOP-I9IFEEO\AppData\Roaming\npm\node_modules\appium\node_modules\express\lib\router\route.js:119:3)
    at Layer.handle [as handle_request] (C:\Users\user.DESKTOP-I9IFEEO\AppData\Roaming\npm\node_modules\appium\node_modules\express\lib\router\layer.js:95:5)
    at C:\Users\user.DESKTOP-I9IFEEO\AppData\Roaming\npm\node_modules\appium\node_modules\express\lib\router\index.js:284:15
    at param (C:\Users\user.DESKTOP-I9IFEEO\AppData\Roaming\npm\node_modules\appium\node_modules\express\lib\router\index.js:365:14)
    at param (C:\Users\user.DESKTOP-I9IFEEO\AppData\Roaming\npm\node_modules\appium\node_modules\express\lib\router\index.js:376:14)
    at Function.process_params (C:\Users\user.DESKTOP-I9IFEEO\AppData\Roaming\npm\node_modules\appium\node_modules\express\lib\router\index.js:421:3)
    at next (C:\Users\user.DESKTOP-I9IFEEO\AppData\Roaming\npm\node_modules\appium\node_modules\express\lib\router\index.js:280:10)
    at logger (C:\Users\user.DESKTOP-I9IFEEO\AppData\Roaming\npm\node_modules\appium\node_modules\morgan\index.js:144:5)
    at Layer.handle [as handle_request] (C:\Users\user.DESKTOP-I9IFEEO\AppData\Roaming\npm\node_modules\appium\node_modules\express\lib\router\layer.js:95:5)
    at trim_prefix (C:\Users\user.DESKTOP-I9IFEEO\AppData\Roaming\npm\node_modules\appium\node_modules\express\lib\router\index.js:328:13)
    at C:\Users\user.DESKTOP-I9IFEEO\AppData\Roaming\npm\node_modules\appium\node_modules\express\lib\router\index.js:286:9
    at Function.process_params (C:\Users\user.DESKTOP-I9IFEEO\AppData\Roaming\npm\node_modules\appium\node_modules\express\lib\router\index.js:346:12)
    at next (C:\Users\user.DESKTOP-I9IFEEO\AppData\Roaming\npm\node_modules\appium\node_modules\express\lib\router\index.js:280:10)
    at jsonParser (C:\Users\user.DESKTOP-I9IFEEO\AppData\Roaming\npm\node_modules\appium\node_modules\body-parser\lib\types\json.js:113:7)
    at Layer.handle [as handle_request] (C:\Users\user.DESKTOP-I9IFEEO\AppData\Roaming\npm\node_modules\appium\node_modules\express\lib\router\layer.js:95:5)
    at trim_prefix (C:\Users\user.DESKTOP-I9IFEEO\AppData\Roaming\npm\node_modules\appium\node_modules\express\lib\router\index.js:328:13)
    at C:\Users\user.DESKTOP-I9IFEEO\AppData\Roaming\npm\node_modules\appium\node_modules\express\lib\router\index.js:286:9
    at Function.process_params (C:\Users\user.DESKTOP-I9IFEEO\AppData\Roaming\npm\node_modules\appium\node_modules\express\lib\router\index.js:346:12)
    at next (C:\Users\user.DESKTOP-I9IFEEO\AppData\Roaming\npm\node_modules\appium\node_modules\express\lib\router\index.js:280:10)
    at Layer.handle [as handle_request] (C:\Users\user.DESKTOP-I9IFEEO\AppData\Roaming\npm\node_modules\appium\node_modules\express\lib\router\layer.js:91:12)
    at trim_prefix (C:\Users\user.DESKTOP-I9IFEEO\AppData\Roaming\npm\node_modules\appium\node_modules\express\lib\router\index.js:328:13)
    at C:\Users\user.DESKTOP-I9IFEEO\AppData\Roaming\npm\node_modules\appium\node_modules\express\lib\router\index.js:286:9
    at Function.process_params (C:\Users\user.DESKTOP-I9IFEEO\AppData\Roaming\npm\node_modules\appium\node_modules\express\lib\router\index.js:346:12)
    at next (C:\Users\user.DESKTOP-I9IFEEO\AppData\Roaming\npm\node_modules\appium\node_modules\express\lib\router\index.js:280:10)
    at methodOverride (C:\Users\user.DESKTOP-I9IFEEO\AppData\Roaming\npm\node_modules\appium\node_modules\method-override\index.js:65:14)
    at Layer.handle [as handle_request] (C:\Users\user.DESKTOP-I9IFEEO\AppData\Roaming\npm\node_modules\appium\node_modules\express\lib\router\layer.js:95:5)
    at trim_prefix (C:\Users\user.DESKTOP-I9IFEEO\AppData\Roaming\npm\node_modules\appium\node_modules\express\lib\router\index.js:328:13)
    at C:\Users\user.DESKTOP-I9IFEEO\AppData\Roaming\npm\node_modules\appium\node_modules\express\lib\router\index.js:286:9
    at Function.process_params (C:\Users\user.DESKTOP-I9IFEEO\AppData\Roaming\npm\node_modules\appium\node_modules\express\lib\router\index.js:346:12)
    at next (C:\Users\user.DESKTOP-I9IFEEO\AppData\Roaming\npm\node_modules\appium\node_modules\express\lib\router\index.js:280:10)
&amp#27;[38;5;201m[2fe469a6]&amp#27;[0m&amp#27;[38;5;86m[HTTP]&amp#27;[0m &amp#27;[37m<-- GET /session/2fe469a6-0293-4b0d-b6c8-866df249ed8f/timeouts &amp#27;[39m&amp#27;[33m404&amp#27;[39m &amp#27;[90m4 ms - 5394&amp#27;[39m &amp#27;[90m&amp#27;[39m
&amp#27;[38;5;201m[2fe469a6]&amp#27;[0m&amp#27;[38;5;86m[HTTP]&amp#27;[0m &amp#27;[37m-->&amp#27;[39m &amp#27;[37mGET&amp#27;[39m &amp#27;[37m/session/2fe469a6-0293-4b0d-b6c8-866df249ed8f/timeouts&amp#27;[39m &amp#27;[90m{}&amp#27;[39m
&amp#27;[38;5;201m[2fe469a6]&amp#27;[0m&amp#27;[38;5;107m[AppiumDriver@40a8]&amp#27;[0m Encountered internal error running command: NoSuchDriverError: A session is either terminated or not started
    at asyncHandler (C:\Users\user.DESKTOP-I9IFEEO\AppData\Roaming\npm\node_modules\appium\node_modules\@appium\base-driver\lib\protocol\protocol.js:311:15)
    at C:\Users\user.DESKTOP-I9IFEEO\AppData\Roaming\npm\node_modules\appium\node_modules\@appium\base-driver\lib\protocol\protocol.js:514:15
    at Layer.handle [as handle_request] (C:\Users\user.DESKTOP-I9IFEEO\AppData\Roaming\npm\node_modules\appium\node_modules\express\lib\router\layer.js:95:5)
    at next (C:\Users\user.DESKTOP-I9IFEEO\AppData\Roaming\npm\node_modules\appium\node_modules\express\lib\router\route.js:149:13)
    at Route.dispatch (C:\Users\user.DESKTOP-I9IFEEO\AppData\Roaming\npm\node_modules\appium\node_modules\express\lib\router\route.js:119:3)
    at Layer.handle [as handle_request] (C:\Users\user.DESKTOP-I9IFEEO\AppData\Roaming\npm\node_modules\appium\node_modules\express\lib\router\layer.js:95:5)
    at C:\Users\user.DESKTOP-I9IFEEO\AppData\Roaming\npm\node_modules\appium\node_modules\express\lib\router\index.js:284:15
    at param (C:\Users\user.DESKTOP-I9IFEEO\AppData\Roaming\npm\node_modules\appium\node_modules\express\lib\router\index.js:365:14)
    at param (C:\Users\user.DESKTOP-I9IFEEO\AppData\Roaming\npm\node_modules\appium\node_modules\express\lib\router\index.js:376:14)
    at Function.process_params (C:\Users\user.DESKTOP-I9IFEEO\AppData\Roaming\npm\node_modules\appium\node_modules\express\lib\router\index.js:421:3)
    at next (C:\Users\user.DESKTOP-I9IFEEO\AppData\Roaming\npm\node_modules\appium\node_modules\express\lib\router\index.js:280:10)
    at logger (C:\Users\user.DESKTOP-I9IFEEO\AppData\Roaming\npm\node_modules\appium\node_modules\morgan\index.js:144:5)
    at Layer.handle [as handle_request] (C:\Users\user.DESKTOP-I9IFEEO\AppData\Roaming\npm\node_modules\appium\node_modules\express\lib\router\layer.js:95:5)
    at trim_prefix (C:\Users\user.DESKTOP-I9IFEEO\AppData\Roaming\npm\node_modules\appium\node_modules\express\lib\router\index.js:328:13)
    at C:\Users\user.DESKTOP-I9IFEEO\AppData\Roaming\npm\node_modules\appium\node_modules\express\lib\router\index.js:286:9
    at Function.process_params (C:\Users\user.DESKTOP-I9IFEEO\AppData\Roaming\npm\node_modules\appium\node_modules\express\lib\router\index.js:346:12)
    at next (C:\Users\user.DESKTOP-I9IFEEO\AppData\Roaming\npm\node_modules\appium\node_modules\express\lib\router\index.js:280:10)
    at jsonParser (C:\Users\user.DESKTOP-I9IFEEO\AppData\Roaming\npm\node_modules\appium\node_modules\body-parser\lib\types\json.js:113:7)
    at Layer.handle [as handle_request] (C:\Users\user.DESKTOP-I9IFEEO\AppData\Roaming\npm\node_modules\appium\node_modules\express\lib\router\layer.js:95:5)
    at trim_prefix (C:\Users\user.DESKTOP-I9IFEEO\AppData\Roaming\npm\node_modules\appium\node_modules\express\lib\router\index.js:328:13)
    at C:\Users\user.DESKTOP-I9IFEEO\AppData\Roaming\npm\node_modules\appium\node_modules\express\lib\router\index.js:286:9
    at Function.process_params (C:\Users\user.DESKTOP-I9IFEEO\AppData\Roaming\npm\node_modules\appium\node_modules\express\lib\router\index.js:346:12)
    at next (C:\Users\user.DESKTOP-I9IFEEO\AppData\Roaming\npm\node_modules\appium\node_modules\express\lib\router\index.js:280:10)
    at Layer.handle [as handle_request] (C:\Users\user.DESKTOP-I9IFEEO\AppData\Roaming\npm\node_modules\appium\node_modules\express\lib\router\layer.js:91:12)
    at trim_prefix (C:\Users\user.DESKTOP-I9IFEEO\AppData\Roaming\npm\node_modules\appium\node_modules\express\lib\router\index.js:328:13)
    at C:\Users\user.DESKTOP-I9IFEEO\AppData\Roaming\npm\node_modules\appium\node_modules\express\lib\router\index.js:286:9
    at Function.process_params (C:\Users\user.DESKTOP-I9IFEEO\AppData\Roaming\npm\node_modules\appium\node_modules\express\lib\router\index.js:346:12)
    at next (C:\Users\user.DESKTOP-I9IFEEO\AppData\Roaming\npm\node_modules\appium\node_modules\express\lib\router\index.js:280:10)
    at methodOverride (C:\Users\user.DESKTOP-I9IFEEO\AppData\Roaming\npm\node_modules\appium\node_modules\method-override\index.js:65:14)
    at Layer.handle [as handle_request] (C:\Users\user.DESKTOP-I9IFEEO\AppData\Roaming\npm\node_modules\appium\node_modules\express\lib\router\layer.js:95:5)
    at trim_prefix (C:\Users\user.DESKTOP-I9IFEEO\AppData\Roaming\npm\node_modules\appium\node_modules\express\lib\router\index.js:328:13)
    at C:\Users\user.DESKTOP-I9IFEEO\AppData\Roaming\npm\node_modules\appium\node_modules\express\lib\router\index.js:286:9
    at Function.process_params (C:\Users\user.DESKTOP-I9IFEEO\AppData\Roaming\npm\node_modules\appium\node_modules\express\lib\router\index.js:346:12)
    at next (C:\Users\user.DESKTOP-I9IFEEO\AppData\Roaming\npm\node_modules\appium\node_modules\express\lib\router\index.js:280:10)
&amp#27;[38;5;201m[2fe469a6]&amp#27;[0m&amp#27;[38;5;86m[HTTP]&amp#27;[0m &amp#27;[37m<-- GET /session/2fe469a6-0293-4b0d-b6c8-866df249ed8f/timeouts &amp#27;[39m&amp#27;[33m404&amp#27;[39m &amp#27;[90m4 ms - 5394&amp#27;[39m &amp#27;[90m&amp#27;[39m
Permission dialog not found or already granted
&amp#27;[38;5;201m[2fe469a6]&amp#27;[0m&amp#27;[38;5;86m[HTTP]&amp#27;[0m &amp#27;[37m-->&amp#27;[39m &amp#27;[37mGET&amp#27;[39m &amp#27;[37m/session/2fe469a6-0293-4b0d-b6c8-866df249ed8f/timeouts&amp#27;[39m &amp#27;[90m{}&amp#27;[39m
&amp#27;[38;5;201m[2fe469a6]&amp#27;[0m&amp#27;[38;5;107m[AppiumDriver@40a8]&amp#27;[0m Encountered internal error running command: NoSuchDriverError: A session is either terminated or not started
    at asyncHandler (C:\Users\user.DESKTOP-I9IFEEO\AppData\Roaming\npm\node_modules\appium\node_modules\@appium\base-driver\lib\protocol\protocol.js:311:15)
    at C:\Users\user.DESKTOP-I9IFEEO\AppData\Roaming\npm\node_modules\appium\node_modules\@appium\base-driver\lib\protocol\protocol.js:514:15
    at Layer.handle [as handle_request] (C:\Users\user.DESKTOP-I9IFEEO\AppData\Roaming\npm\node_modules\appium\node_modules\express\lib\router\layer.js:95:5)
    at next (C:\Users\user.DESKTOP-I9IFEEO\AppData\Roaming\npm\node_modules\appium\node_modules\express\lib\router\route.js:149:13)
    at Route.dispatch (C:\Users\user.DESKTOP-I9IFEEO\AppData\Roaming\npm\node_modules\appium\node_modules\express\lib\router\route.js:119:3)
    at Layer.handle [as handle_request] (C:\Users\user.DESKTOP-I9IFEEO\AppData\Roaming\npm\node_modules\appium\node_modules\express\lib\router\layer.js:95:5)
    at C:\Users\user.DESKTOP-I9IFEEO\AppData\Roaming\npm\node_modules\appium\node_modules\express\lib\router\index.js:284:15
    at param (C:\Users\user.DESKTOP-I9IFEEO\AppData\Roaming\npm\node_modules\appium\node_modules\express\lib\router\index.js:365:14)
    at param (C:\Users\user.DESKTOP-I9IFEEO\AppData\Roaming\npm\node_modules\appium\node_modules\express\lib\router\index.js:376:14)
    at Function.process_params (C:\Users\user.DESKTOP-I9IFEEO\AppData\Roaming\npm\node_modules\appium\node_modules\express\lib\router\index.js:421:3)
    at next (C:\Users\user.DESKTOP-I9IFEEO\AppData\Roaming\npm\node_modules\appium\node_modules\express\lib\router\index.js:280:10)
    at logger (C:\Users\user.DESKTOP-I9IFEEO\AppData\Roaming\npm\node_modules\appium\node_modules\morgan\index.js:144:5)
    at Layer.handle [as handle_request] (C:\Users\user.DESKTOP-I9IFEEO\AppData\Roaming\npm\node_modules\appium\node_modules\express\lib\router\layer.js:95:5)
    at trim_prefix (C:\Users\user.DESKTOP-I9IFEEO\AppData\Roaming\npm\node_modules\appium\node_modules\express\lib\router\index.js:328:13)
    at C:\Users\user.DESKTOP-I9IFEEO\AppData\Roaming\npm\node_modules\appium\node_modules\express\lib\router\index.js:286:9
    at Function.process_params (C:\Users\user.DESKTOP-I9IFEEO\AppData\Roaming\npm\node_modules\appium\node_modules\express\lib\router\index.js:346:12)
    at next (C:\Users\user.DESKTOP-I9IFEEO\AppData\Roaming\npm\node_modules\appium\node_modules\express\lib\router\index.js:280:10)
    at jsonParser (C:\Users\user.DESKTOP-I9IFEEO\AppData\Roaming\npm\node_modules\appium\node_modules\body-parser\lib\types\json.js:113:7)
    at Layer.handle [as handle_request] (C:\Users\user.DESKTOP-I9IFEEO\AppData\Roaming\npm\node_modules\appium\node_modules\express\lib\router\layer.js:95:5)
    at trim_prefix (C:\Users\user.DESKTOP-I9IFEEO\AppData\Roaming\npm\node_modules\appium\node_modules\express\lib\router\index.js:328:13)
    at C:\Users\user.DESKTOP-I9IFEEO\AppData\Roaming\npm\node_modules\appium\node_modules\express\lib\router\index.js:286:9
    at Function.process_params (C:\Users\user.DESKTOP-I9IFEEO\AppData\Roaming\npm\node_modules\appium\node_modules\express\lib\router\index.js:346:12)
    at next (C:\Users\user.DESKTOP-I9IFEEO\AppData\Roaming\npm\node_modules\appium\node_modules\express\lib\router\index.js:280:10)
    at Layer.handle [as handle_request] (C:\Users\user.DESKTOP-I9IFEEO\AppData\Roaming\npm\node_modules\appium\node_modules\express\lib\router\layer.js:91:12)
    at trim_prefix (C:\Users\user.DESKTOP-I9IFEEO\AppData\Roaming\npm\node_modules\appium\node_modules\express\lib\router\index.js:328:13)
    at C:\Users\user.DESKTOP-I9IFEEO\AppData\Roaming\npm\node_modules\appium\node_modules\express\lib\router\index.js:286:9
    at Function.process_params (C:\Users\user.DESKTOP-I9IFEEO\AppData\Roaming\npm\node_modules\appium\node_modules\express\lib\router\index.js:346:12)
    at next (C:\Users\user.DESKTOP-I9IFEEO\AppData\Roaming\npm\node_modules\appium\node_modules\express\lib\router\index.js:280:10)
    at methodOverride (C:\Users\user.DESKTOP-I9IFEEO\AppData\Roaming\npm\node_modules\appium\node_modules\method-override\index.js:65:14)
    at Layer.handle [as handle_request] (C:\Users\user.DESKTOP-I9IFEEO\AppData\Roaming\npm\node_modules\appium\node_modules\express\lib\router\layer.js:95:5)
    at trim_prefix (C:\Users\user.DESKTOP-I9IFEEO\AppData\Roaming\npm\node_modules\appium\node_modules\express\lib\router\index.js:328:13)
    at C:\Users\user.DESKTOP-I9IFEEO\AppData\Roaming\npm\node_modules\appium\node_modules\express\lib\router\index.js:286:9
    at Function.process_params (C:\Users\user.DESKTOP-I9IFEEO\AppData\Roaming\npm\node_modules\appium\node_modules\express\lib\router\index.js:346:12)
    at next (C:\Users\user.DESKTOP-I9IFEEO\AppData\Roaming\npm\node_modules\appium\node_modules\express\lib\router\index.js:280:10)
&amp#27;[38;5;201m[2fe469a6]&amp#27;[0m&amp#27;[38;5;86m[HTTP]&amp#27;[0m &amp#27;[37m<-- GET /session/2fe469a6-0293-4b0d-b6c8-866df249ed8f/timeouts &amp#27;[39m&amp#27;[33m404&amp#27;[39m &amp#27;[90m3 ms - 5394&amp#27;[39m &amp#27;[90m&amp#27;[39m
Permission dialog not found or already granted
&amp#27;[38;5;201m[2fe469a6]&amp#27;[0m&amp#27;[38;5;86m[HTTP]&amp#27;[0m &amp#27;[37m-->&amp#27;[39m &amp#27;[37mGET&amp#27;[39m &amp#27;[37m/session/2fe469a6-0293-4b0d-b6c8-866df249ed8f/timeouts&amp#27;[39m &amp#27;[90m{}&amp#27;[39m
&amp#27;[38;5;201m[2fe469a6]&amp#27;[0m&amp#27;[38;5;107m[AppiumDriver@40a8]&amp#27;[0m Encountered internal error running command: NoSuchDriverError: A session is either terminated or not started
    at asyncHandler (C:\Users\user.DESKTOP-I9IFEEO\AppData\Roaming\npm\node_modules\appium\node_modules\@appium\base-driver\lib\protocol\protocol.js:311:15)
    at C:\Users\user.DESKTOP-I9IFEEO\AppData\Roaming\npm\node_modules\appium\node_modules\@appium\base-driver\lib\protocol\protocol.js:514:15
    at Layer.handle [as handle_request] (C:\Users\user.DESKTOP-I9IFEEO\AppData\Roaming\npm\node_modules\appium\node_modules\express\lib\router\layer.js:95:5)
    at next (C:\Users\user.DESKTOP-I9IFEEO\AppData\Roaming\npm\node_modules\appium\node_modules\express\lib\router\route.js:149:13)
    at Route.dispatch (C:\Users\user.DESKTOP-I9IFEEO\AppData\Roaming\npm\node_modules\appium\node_modules\express\lib\router\route.js:119:3)
    at Layer.handle [as handle_request] (C:\Users\user.DESKTOP-I9IFEEO\AppData\Roaming\npm\node_modules\appium\node_modules\express\lib\router\layer.js:95:5)
    at C:\Users\user.DESKTOP-I9IFEEO\AppData\Roaming\npm\node_modules\appium\node_modules\express\lib\router\index.js:284:15
    at param (C:\Users\user.DESKTOP-I9IFEEO\AppData\Roaming\npm\node_modules\appium\node_modules\express\lib\router\index.js:365:14)
    at param (C:\Users\user.DESKTOP-I9IFEEO\AppData\Roaming\npm\node_modules\appium\node_modules\express\lib\router\index.js:376:14)
    at Function.process_params (C:\Users\user.DESKTOP-I9IFEEO\AppData\Roaming\npm\node_modules\appium\node_modules\express\lib\router\index.js:421:3)
    at next (C:\Users\user.DESKTOP-I9IFEEO\AppData\Roaming\npm\node_modules\appium\node_modules\express\lib\router\index.js:280:10)
    at logger (C:\Users\user.DESKTOP-I9IFEEO\AppData\Roaming\npm\node_modules\appium\node_modules\morgan\index.js:144:5)
    at Layer.handle [as handle_request] (C:\Users\user.DESKTOP-I9IFEEO\AppData\Roaming\npm\node_modules\appium\node_modules\express\lib\router\layer.js:95:5)
    at trim_prefix (C:\Users\user.DESKTOP-I9IFEEO\AppData\Roaming\npm\node_modules\appium\node_modules\express\lib\router\index.js:328:13)
    at C:\Users\user.DESKTOP-I9IFEEO\AppData\Roaming\npm\node_modules\appium\node_modules\express\lib\router\index.js:286:9
    at Function.process_params (C:\Users\user.DESKTOP-I9IFEEO\AppData\Roaming\npm\node_modules\appium\node_modules\express\lib\router\index.js:346:12)
    at next (C:\Users\user.DESKTOP-I9IFEEO\AppData\Roaming\npm\node_modules\appium\node_modules\express\lib\router\index.js:280:10)
    at jsonParser (C:\Users\user.DESKTOP-I9IFEEO\AppData\Roaming\npm\node_modules\appium\node_modules\body-parser\lib\types\json.js:113:7)
    at Layer.handle [as handle_request] (C:\Users\user.DESKTOP-I9IFEEO\AppData\Roaming\npm\node_modules\appium\node_modules\express\lib\router\layer.js:95:5)
    at trim_prefix (C:\Users\user.DESKTOP-I9IFEEO\AppData\Roaming\npm\node_modules\appium\node_modules\express\lib\router\index.js:328:13)
    at C:\Users\user.DESKTOP-I9IFEEO\AppData\Roaming\npm\node_modules\appium\node_modules\express\lib\router\index.js:286:9
    at Function.process_params (C:\Users\user.DESKTOP-I9IFEEO\AppData\Roaming\npm\node_modules\appium\node_modules\express\lib\router\index.js:346:12)
    at next (C:\Users\user.DESKTOP-I9IFEEO\AppData\Roaming\npm\node_modules\appium\node_modules\express\lib\router\index.js:280:10)
    at Layer.handle [as handle_request] (C:\Users\user.DESKTOP-I9IFEEO\AppData\Roaming\npm\node_modules\appium\node_modules\express\lib\router\layer.js:91:12)
    at trim_prefix (C:\Users\user.DESKTOP-I9IFEEO\AppData\Roaming\npm\node_modules\appium\node_modules\express\lib\router\index.js:328:13)
    at C:\Users\user.DESKTOP-I9IFEEO\AppData\Roaming\npm\node_modules\appium\node_modules\express\lib\router\index.js:286:9
    at Function.process_params (C:\Users\user.DESKTOP-I9IFEEO\AppData\Roaming\npm\node_modules\appium\node_modules\express\lib\router\index.js:346:12)
    at next (C:\Users\user.DESKTOP-I9IFEEO\AppData\Roaming\npm\node_modules\appium\node_modules\express\lib\router\index.js:280:10)
    at methodOverride (C:\Users\user.DESKTOP-I9IFEEO\AppData\Roaming\npm\node_modules\appium\node_modules\method-override\index.js:65:14)
    at Layer.handle [as handle_request] (C:\Users\user.DESKTOP-I9IFEEO\AppData\Roaming\npm\node_modules\appium\node_modules\express\lib\router\layer.js:95:5)
    at trim_prefix (C:\Users\user.DESKTOP-I9IFEEO\AppData\Roaming\npm\node_modules\appium\node_modules\express\lib\router\index.js:328:13)
    at C:\Users\user.DESKTOP-I9IFEEO\AppData\Roaming\npm\node_modules\appium\node_modules\express\lib\router\index.js:286:9
    at Function.process_params (C:\Users\user.DESKTOP-I9IFEEO\AppData\Roaming\npm\node_modules\appium\node_modules\express\lib\router\index.js:346:12)
    at next (C:\Users\user.DESKTOP-I9IFEEO\AppData\Roaming\npm\node_modules\appium\node_modules\express\lib\router\index.js:280:10)
&amp#27;[38;5;201m[2fe469a6]&amp#27;[0m&amp#27;[38;5;86m[HTTP]&amp#27;[0m &amp#27;[37m<-- GET /session/2fe469a6-0293-4b0d-b6c8-866df249ed8f/timeouts &amp#27;[39m&amp#27;[33m404&amp#27;[39m &amp#27;[90m3 ms - 5394&amp#27;[39m &amp#27;[90m&amp#27;[39m
Permission dialog not found or already granted
&amp#27;[38;5;201m[2fe469a6]&amp#27;[0m&amp#27;[38;5;86m[HTTP]&amp#27;[0m &amp#27;[37m-->&amp#27;[39m &amp#27;[37mGET&amp#27;[39m &amp#27;[37m/session/2fe469a6-0293-4b0d-b6c8-866df249ed8f/timeouts&amp#27;[39m &amp#27;[90m{}&amp#27;[39m
&amp#27;[38;5;201m[2fe469a6]&amp#27;[0m&amp#27;[38;5;107m[AppiumDriver@40a8]&amp#27;[0m Encountered internal error running command: NoSuchDriverError: A session is either terminated or not started
    at asyncHandler (C:\Users\user.DESKTOP-I9IFEEO\AppData\Roaming\npm\node_modules\appium\node_modules\@appium\base-driver\lib\protocol\protocol.js:311:15)
    at C:\Users\user.DESKTOP-I9IFEEO\AppData\Roaming\npm\node_modules\appium\node_modules\@appium\base-driver\lib\protocol\protocol.js:514:15
    at Layer.handle [as handle_request] (C:\Users\user.DESKTOP-I9IFEEO\AppData\Roaming\npm\node_modules\appium\node_modules\express\lib\router\layer.js:95:5)
    at next (C:\Users\user.DESKTOP-I9IFEEO\AppData\Roaming\npm\node_modules\appium\node_modules\express\lib\router\route.js:149:13)
    at Route.dispatch (C:\Users\user.DESKTOP-I9IFEEO\AppData\Roaming\npm\node_modules\appium\node_modules\express\lib\router\route.js:119:3)
    at Layer.handle [as handle_request] (C:\Users\user.DESKTOP-I9IFEEO\AppData\Roaming\npm\node_modules\appium\node_modules\express\lib\router\layer.js:95:5)
    at C:\Users\user.DESKTOP-I9IFEEO\AppData\Roaming\npm\node_modules\appium\node_modules\express\lib\router\index.js:284:15
    at param (C:\Users\user.DESKTOP-I9IFEEO\AppData\Roaming\npm\node_modules\appium\node_modules\express\lib\router\index.js:365:14)
    at param (C:\Users\user.DESKTOP-I9IFEEO\AppData\Roaming\npm\node_modules\appium\node_modules\express\lib\router\index.js:376:14)
    at Function.process_params (C:\Users\user.DESKTOP-I9IFEEO\AppData\Roaming\npm\node_modules\appium\node_modules\express\lib\router\index.js:421:3)
    at next (C:\Users\user.DESKTOP-I9IFEEO\AppData\Roaming\npm\node_modules\appium\node_modules\express\lib\router\index.js:280:10)
    at logger (C:\Users\user.DESKTOP-I9IFEEO\AppData\Roaming\npm\node_modules\appium\node_modules\morgan\index.js:144:5)
    at Layer.handle [as handle_request] (C:\Users\user.DESKTOP-I9IFEEO\AppData\Roaming\npm\node_modules\appium\node_modules\express\lib\router\layer.js:95:5)
    at trim_prefix (C:\Users\user.DESKTOP-I9IFEEO\AppData\Roaming\npm\node_modules\appium\node_modules\express\lib\router\index.js:328:13)
    at C:\Users\user.DESKTOP-I9IFEEO\AppData\Roaming\npm\node_modules\appium\node_modules\express\lib\router\index.js:286:9
    at Function.process_params (C:\Users\user.DESKTOP-I9IFEEO\AppData\Roaming\npm\node_modules\appium\node_modules\express\lib\router\index.js:346:12)
    at next (C:\Users\user.DESKTOP-I9IFEEO\AppData\Roaming\npm\node_modules\appium\node_modules\express\lib\router\index.js:280:10)
    at jsonParser (C:\Users\user.DESKTOP-I9IFEEO\AppData\Roaming\npm\node_modules\appium\node_modules\body-parser\lib\types\json.js:113:7)
    at Layer.handle [as handle_request] (C:\Users\user.DESKTOP-I9IFEEO\AppData\Roaming\npm\node_modules\appium\node_modules\express\lib\router\layer.js:95:5)
    at trim_prefix (C:\Users\user.DESKTOP-I9IFEEO\AppData\Roaming\npm\node_modules\appium\node_modules\express\lib\router\index.js:328:13)
    at C:\Users\user.DESKTOP-I9IFEEO\AppData\Roaming\npm\node_modules\appium\node_modules\express\lib\router\index.js:286:9
    at Function.process_params (C:\Users\user.DESKTOP-I9IFEEO\AppData\Roaming\npm\node_modules\appium\node_modules\express\lib\router\index.js:346:12)
    at next (C:\Users\user.DESKTOP-I9IFEEO\AppData\Roaming\npm\node_modules\appium\node_modules\express\lib\router\index.js:280:10)
    at Layer.handle [as handle_request] (C:\Users\user.DESKTOP-I9IFEEO\AppData\Roaming\npm\node_modules\appium\node_modules\express\lib\router\layer.js:91:12)
    at trim_prefix (C:\Users\user.DESKTOP-I9IFEEO\AppData\Roaming\npm\node_modules\appium\node_modules\express\lib\router\index.js:328:13)
    at C:\Users\user.DESKTOP-I9IFEEO\AppData\Roaming\npm\node_modules\appium\node_modules\express\lib\router\index.js:286:9
    at Function.process_params (C:\Users\user.DESKTOP-I9IFEEO\AppData\Roaming\npm\node_modules\appium\node_modules\express\lib\router\index.js:346:12)
    at next (C:\Users\user.DESKTOP-I9IFEEO\AppData\Roaming\npm\node_modules\appium\node_modules\express\lib\router\index.js:280:10)
    at methodOverride (C:\Users\user.DESKTOP-I9IFEEO\AppData\Roaming\npm\node_modules\appium\node_modules\method-override\index.js:65:14)
    at Layer.handle [as handle_request] (C:\Users\user.DESKTOP-I9IFEEO\AppData\Roaming\npm\node_modules\appium\node_modules\express\lib\router\layer.js:95:5)
    at trim_prefix (C:\Users\user.DESKTOP-I9IFEEO\AppData\Roaming\npm\node_modules\appium\node_modules\express\lib\router\index.js:328:13)
    at C:\Users\user.DESKTOP-I9IFEEO\AppData\Roaming\npm\node_modules\appium\node_modules\express\lib\router\index.js:286:9
    at Function.process_params (C:\Users\user.DESKTOP-I9IFEEO\AppData\Roaming\npm\node_modules\appium\node_modules\express\lib\router\index.js:346:12)
    at next (C:\Users\user.DESKTOP-I9IFEEO\AppData\Roaming\npm\node_modules\appium\node_modules\express\lib\router\index.js:280:10)
&amp#27;[38;5;201m[2fe469a6]&amp#27;[0m&amp#27;[38;5;86m[HTTP]&amp#27;[0m &amp#27;[37m<-- GET /session/2fe469a6-0293-4b0d-b6c8-866df249ed8f/timeouts &amp#27;[39m&amp#27;[33m404&amp#27;[39m &amp#27;[90m3 ms - 5394&amp#27;[39m &amp#27;[90m&amp#27;[39m
&amp#27;[38;5;201m[2fe469a6]&amp#27;[0m&amp#27;[38;5;86m[HTTP]&amp#27;[0m &amp#27;[37m-->&amp#27;[39m &amp#27;[37mGET&amp#27;[39m &amp#27;[37m/session/2fe469a6-0293-4b0d-b6c8-866df249ed8f/timeouts&amp#27;[39m &amp#27;[90m{}&amp#27;[39m
&amp#27;[38;5;201m[2fe469a6]&amp#27;[0m&amp#27;[38;5;107m[AppiumDriver@40a8]&amp#27;[0m Encountered internal error running command: NoSuchDriverError: A session is either terminated or not started
    at asyncHandler (C:\Users\user.DESKTOP-I9IFEEO\AppData\Roaming\npm\node_modules\appium\node_modules\@appium\base-driver\lib\protocol\protocol.js:311:15)
    at C:\Users\user.DESKTOP-I9IFEEO\AppData\Roaming\npm\node_modules\appium\node_modules\@appium\base-driver\lib\protocol\protocol.js:514:15
    at Layer.handle [as handle_request] (C:\Users\user.DESKTOP-I9IFEEO\AppData\Roaming\npm\node_modules\appium\node_modules\express\lib\router\layer.js:95:5)
    at next (C:\Users\user.DESKTOP-I9IFEEO\AppData\Roaming\npm\node_modules\appium\node_modules\express\lib\router\route.js:149:13)
    at Route.dispatch (C:\Users\user.DESKTOP-I9IFEEO\AppData\Roaming\npm\node_modules\appium\node_modules\express\lib\router\route.js:119:3)
    at Layer.handle [as handle_request] (C:\Users\user.DESKTOP-I9IFEEO\AppData\Roaming\npm\node_modules\appium\node_modules\express\lib\router\layer.js:95:5)
    at C:\Users\user.DESKTOP-I9IFEEO\AppData\Roaming\npm\node_modules\appium\node_modules\express\lib\router\index.js:284:15
    at param (C:\Users\user.DESKTOP-I9IFEEO\AppData\Roaming\npm\node_modules\appium\node_modules\express\lib\router\index.js:365:14)
    at param (C:\Users\user.DESKTOP-I9IFEEO\AppData\Roaming\npm\node_modules\appium\node_modules\express\lib\router\index.js:376:14)
    at Function.process_params (C:\Users\user.DESKTOP-I9IFEEO\AppData\Roaming\npm\node_modules\appium\node_modules\express\lib\router\index.js:421:3)
    at next (C:\Users\user.DESKTOP-I9IFEEO\AppData\Roaming\npm\node_modules\appium\node_modules\express\lib\router\index.js:280:10)
    at logger (C:\Users\user.DESKTOP-I9IFEEO\AppData\Roaming\npm\node_modules\appium\node_modules\morgan\index.js:144:5)
    at Layer.handle [as handle_request] (C:\Users\user.DESKTOP-I9IFEEO\AppData\Roaming\npm\node_modules\appium\node_modules\express\lib\router\layer.js:95:5)
    at trim_prefix (C:\Users\user.DESKTOP-I9IFEEO\AppData\Roaming\npm\node_modules\appium\node_modules\express\lib\router\index.js:328:13)
    at C:\Users\user.DESKTOP-I9IFEEO\AppData\Roaming\npm\node_modules\appium\node_modules\express\lib\router\index.js:286:9
    at Function.process_params (C:\Users\user.DESKTOP-I9IFEEO\AppData\Roaming\npm\node_modules\appium\node_modules\express\lib\router\index.js:346:12)
    at next (C:\Users\user.DESKTOP-I9IFEEO\AppData\Roaming\npm\node_modules\appium\node_modules\express\lib\router\index.js:280:10)
    at jsonParser (C:\Users\user.DESKTOP-I9IFEEO\AppData\Roaming\npm\node_modules\appium\node_modules\body-parser\lib\types\json.js:113:7)
    at Layer.handle [as handle_request] (C:\Users\user.DESKTOP-I9IFEEO\AppData\Roaming\npm\node_modules\appium\node_modules\express\lib\router\layer.js:95:5)
    at trim_prefix (C:\Users\user.DESKTOP-I9IFEEO\AppData\Roaming\npm\node_modules\appium\node_modules\express\lib\router\index.js:328:13)
    at C:\Users\user.DESKTOP-I9IFEEO\AppData\Roaming\npm\node_modules\appium\node_modules\express\lib\router\index.js:286:9
    at Function.process_params (C:\Users\user.DESKTOP-I9IFEEO\AppData\Roaming\npm\node_modules\appium\node_modules\express\lib\router\index.js:346:12)
    at next (C:\Users\user.DESKTOP-I9IFEEO\AppData\Roaming\npm\node_modules\appium\node_modules\express\lib\router\index.js:280:10)
    at Layer.handle [as handle_request] (C:\Users\user.DESKTOP-I9IFEEO\AppData\Roaming\npm\node_modules\appium\node_modules\express\lib\router\layer.js:91:12)
    at trim_prefix (C:\Users\user.DESKTOP-I9IFEEO\AppData\Roaming\npm\node_modules\appium\node_modules\express\lib\router\index.js:328:13)
    at C:\Users\user.DESKTOP-I9IFEEO\AppData\Roaming\npm\node_modules\appium\node_modules\express\lib\router\index.js:286:9
    at Function.process_params (C:\Users\user.DESKTOP-I9IFEEO\AppData\Roaming\npm\node_modules\appium\node_modules\express\lib\router\index.js:346:12)
    at next (C:\Users\user.DESKTOP-I9IFEEO\AppData\Roaming\npm\node_modules\appium\node_modules\express\lib\router\index.js:280:10)
    at methodOverride (C:\Users\user.DESKTOP-I9IFEEO\AppData\Roaming\npm\node_modules\appium\node_modules\method-override\index.js:65:14)
    at Layer.handle [as handle_request] (C:\Users\user.DESKTOP-I9IFEEO\AppData\Roaming\npm\node_modules\appium\node_modules\express\lib\router\layer.js:95:5)
    at trim_prefix (C:\Users\user.DESKTOP-I9IFEEO\AppData\Roaming\npm\node_modules\appium\node_modules\express\lib\router\index.js:328:13)
    at C:\Users\user.DESKTOP-I9IFEEO\AppData\Roaming\npm\node_modules\appium\node_modules\express\lib\router\index.js:286:9
    at Function.process_params (C:\Users\user.DESKTOP-I9IFEEO\AppData\Roaming\npm\node_modules\appium\node_modules\express\lib\router\index.js:346:12)
    at next (C:\Users\user.DESKTOP-I9IFEEO\AppData\Roaming\npm\node_modules\appium\node_modules\express\lib\router\index.js:280:10)
&amp#27;[38;5;201m[2fe469a6]&amp#27;[0m&amp#27;[38;5;86m[HTTP]&amp#27;[0m &amp#27;[37m<-- GET /session/2fe469a6-0293-4b0d-b6c8-866df249ed8f/timeouts &amp#27;[39m&amp#27;[33m404&amp#27;[39m &amp#27;[90m2 ms - 5394&amp#27;[39m &amp#27;[90m&amp#27;[39m
Permission dialog not found or already granted
&amp#27;[38;5;201m[2fe469a6]&amp#27;[0m&amp#27;[38;5;86m[HTTP]&amp#27;[0m &amp#27;[37m-->&amp#27;[39m &amp#27;[37mGET&amp#27;[39m &amp#27;[37m/session/2fe469a6-0293-4b0d-b6c8-866df249ed8f/timeouts&amp#27;[39m &amp#27;[90m{}&amp#27;[39m
&amp#27;[38;5;201m[2fe469a6]&amp#27;[0m&amp#27;[38;5;107m[AppiumDriver@40a8]&amp#27;[0m Encountered internal error running command: NoSuchDriverError: A session is either terminated or not started
    at asyncHandler (C:\Users\user.DESKTOP-I9IFEEO\AppData\Roaming\npm\node_modules\appium\node_modules\@appium\base-driver\lib\protocol\protocol.js:311:15)
    at C:\Users\user.DESKTOP-I9IFEEO\AppData\Roaming\npm\node_modules\appium\node_modules\@appium\base-driver\lib\protocol\protocol.js:514:15
    at Layer.handle [as handle_request] (C:\Users\user.DESKTOP-I9IFEEO\AppData\Roaming\npm\node_modules\appium\node_modules\express\lib\router\layer.js:95:5)
    at next (C:\Users\user.DESKTOP-I9IFEEO\AppData\Roaming\npm\node_modules\appium\node_modules\express\lib\router\route.js:149:13)
    at Route.dispatch (C:\Users\user.DESKTOP-I9IFEEO\AppData\Roaming\npm\node_modules\appium\node_modules\express\lib\router\route.js:119:3)
    at Layer.handle [as handle_request] (C:\Users\user.DESKTOP-I9IFEEO\AppData\Roaming\npm\node_modules\appium\node_modules\express\lib\router\layer.js:95:5)
    at C:\Users\user.DESKTOP-I9IFEEO\AppData\Roaming\npm\node_modules\appium\node_modules\express\lib\router\index.js:284:15
    at param (C:\Users\user.DESKTOP-I9IFEEO\AppData\Roaming\npm\node_modules\appium\node_modules\express\lib\router\index.js:365:14)
    at param (C:\Users\user.DESKTOP-I9IFEEO\AppData\Roaming\npm\node_modules\appium\node_modules\express\lib\router\index.js:376:14)
    at Function.process_params (C:\Users\user.DESKTOP-I9IFEEO\AppData\Roaming\npm\node_modules\appium\node_modules\express\lib\router\index.js:421:3)
    at next (C:\Users\user.DESKTOP-I9IFEEO\AppData\Roaming\npm\node_modules\appium\node_modules\express\lib\router\index.js:280:10)
    at logger (C:\Users\user.DESKTOP-I9IFEEO\AppData\Roaming\npm\node_modules\appium\node_modules\morgan\index.js:144:5)
    at Layer.handle [as handle_request] (C:\Users\user.DESKTOP-I9IFEEO\AppData\Roaming\npm\node_modules\appium\node_modules\express\lib\router\layer.js:95:5)
    at trim_prefix (C:\Users\user.DESKTOP-I9IFEEO\AppData\Roaming\npm\node_modules\appium\node_modules\express\lib\router\index.js:328:13)
    at C:\Users\user.DESKTOP-I9IFEEO\AppData\Roaming\npm\node_modules\appium\node_modules\express\lib\router\index.js:286:9
    at Function.process_params (C:\Users\user.DESKTOP-I9IFEEO\AppData\Roaming\npm\node_modules\appium\node_modules\express\lib\router\index.js:346:12)
    at next (C:\Users\user.DESKTOP-I9IFEEO\AppData\Roaming\npm\node_modules\appium\node_modules\express\lib\router\index.js:280:10)
    at jsonParser (C:\Users\user.DESKTOP-I9IFEEO\AppData\Roaming\npm\node_modules\appium\node_modules\body-parser\lib\types\json.js:113:7)
    at Layer.handle [as handle_request] (C:\Users\user.DESKTOP-I9IFEEO\AppData\Roaming\npm\node_modules\appium\node_modules\express\lib\router\layer.js:95:5)
    at trim_prefix (C:\Users\user.DESKTOP-I9IFEEO\AppData\Roaming\npm\node_modules\appium\node_modules\express\lib\router\index.js:328:13)
    at C:\Users\user.DESKTOP-I9IFEEO\AppData\Roaming\npm\node_modules\appium\node_modules\express\lib\router\index.js:286:9
    at Function.process_params (C:\Users\user.DESKTOP-I9IFEEO\AppData\Roaming\npm\node_modules\appium\node_modules\express\lib\router\index.js:346:12)
    at next (C:\Users\user.DESKTOP-I9IFEEO\AppData\Roaming\npm\node_modules\appium\node_modules\express\lib\router\index.js:280:10)
    at Layer.handle [as handle_request] (C:\Users\user.DESKTOP-I9IFEEO\AppData\Roaming\npm\node_modules\appium\node_modules\express\lib\router\layer.js:91:12)
    at trim_prefix (C:\Users\user.DESKTOP-I9IFEEO\AppData\Roaming\npm\node_modules\appium\node_modules\express\lib\router\index.js:328:13)
    at C:\Users\user.DESKTOP-I9IFEEO\AppData\Roaming\npm\node_modules\appium\node_modules\express\lib\router\index.js:286:9
    at Function.process_params (C:\Users\user.DESKTOP-I9IFEEO\AppData\Roaming\npm\node_modules\appium\node_modules\express\lib\router\index.js:346:12)
    at next (C:\Users\user.DESKTOP-I9IFEEO\AppData\Roaming\npm\node_modules\appium\node_modules\express\lib\router\index.js:280:10)
    at methodOverride (C:\Users\user.DESKTOP-I9IFEEO\AppData\Roaming\npm\node_modules\appium\node_modules\method-override\index.js:65:14)
    at Layer.handle [as handle_request] (C:\Users\user.DESKTOP-I9IFEEO\AppData\Roaming\npm\node_modules\appium\node_modules\express\lib\router\layer.js:95:5)
    at trim_prefix (C:\Users\user.DESKTOP-I9IFEEO\AppData\Roaming\npm\node_modules\appium\node_modules\express\lib\router\index.js:328:13)
    at C:\Users\user.DESKTOP-I9IFEEO\AppData\Roaming\npm\node_modules\appium\node_modules\express\lib\router\index.js:286:9
    at Function.process_params (C:\Users\user.DESKTOP-I9IFEEO\AppData\Roaming\npm\node_modules\appium\node_modules\express\lib\router\index.js:346:12)
    at next (C:\Users\user.DESKTOP-I9IFEEO\AppData\Roaming\npm\node_modules\appium\node_modules\express\lib\router\index.js:280:10)
&amp#27;[38;5;201m[2fe469a6]&amp#27;[0m&amp#27;[38;5;86m[HTTP]&amp#27;[0m &amp#27;[37m<-- GET /session/2fe469a6-0293-4b0d-b6c8-866df249ed8f/timeouts &amp#27;[39m&amp#27;[33m404&amp#27;[39m &amp#27;[90m1 ms - 5394&amp#27;[39m &amp#27;[90m&amp#27;[39m
Permission dialog not found or already granted
&amp#27;[38;5;201m[2fe469a6]&amp#27;[0m&amp#27;[38;5;86m[HTTP]&amp#27;[0m &amp#27;[37m-->&amp#27;[39m &amp#27;[37mGET&amp#27;[39m &amp#27;[37m/session/2fe469a6-0293-4b0d-b6c8-866df249ed8f/timeouts&amp#27;[39m &amp#27;[90m{}&amp#27;[39m
&amp#27;[38;5;201m[2fe469a6]&amp#27;[0m&amp#27;[38;5;107m[AppiumDriver@40a8]&amp#27;[0m Encountered internal error running command: NoSuchDriverError: A session is either terminated or not started
    at asyncHandler (C:\Users\user.DESKTOP-I9IFEEO\AppData\Roaming\npm\node_modules\appium\node_modules\@appium\base-driver\lib\protocol\protocol.js:311:15)
    at C:\Users\user.DESKTOP-I9IFEEO\AppData\Roaming\npm\node_modules\appium\node_modules\@appium\base-driver\lib\protocol\protocol.js:514:15
    at Layer.handle [as handle_request] (C:\Users\user.DESKTOP-I9IFEEO\AppData\Roaming\npm\node_modules\appium\node_modules\express\lib\router\layer.js:95:5)
    at next (C:\Users\user.DESKTOP-I9IFEEO\AppData\Roaming\npm\node_modules\appium\node_modules\express\lib\router\route.js:149:13)
    at Route.dispatch (C:\Users\user.DESKTOP-I9IFEEO\AppData\Roaming\npm\node_modules\appium\node_modules\express\lib\router\route.js:119:3)
    at Layer.handle [as handle_request] (C:\Users\user.DESKTOP-I9IFEEO\AppData\Roaming\npm\node_modules\appium\node_modules\express\lib\router\layer.js:95:5)
    at C:\Users\user.DESKTOP-I9IFEEO\AppData\Roaming\npm\node_modules\appium\node_modules\express\lib\router\index.js:284:15
    at param (C:\Users\user.DESKTOP-I9IFEEO\AppData\Roaming\npm\node_modules\appium\node_modules\express\lib\router\index.js:365:14)
    at param (C:\Users\user.DESKTOP-I9IFEEO\AppData\Roaming\npm\node_modules\appium\node_modules\express\lib\router\index.js:376:14)
    at Function.process_params (C:\Users\user.DESKTOP-I9IFEEO\AppData\Roaming\npm\node_modules\appium\node_modules\express\lib\router\index.js:421:3)
    at next (C:\Users\user.DESKTOP-I9IFEEO\AppData\Roaming\npm\node_modules\appium\node_modules\express\lib\router\index.js:280:10)
    at logger (C:\Users\user.DESKTOP-I9IFEEO\AppData\Roaming\npm\node_modules\appium\node_modules\morgan\index.js:144:5)
    at Layer.handle [as handle_request] (C:\Users\user.DESKTOP-I9IFEEO\AppData\Roaming\npm\node_modules\appium\node_modules\express\lib\router\layer.js:95:5)
    at trim_prefix (C:\Users\user.DESKTOP-I9IFEEO\AppData\Roaming\npm\node_modules\appium\node_modules\express\lib\router\index.js:328:13)
    at C:\Users\user.DESKTOP-I9IFEEO\AppData\Roaming\npm\node_modules\appium\node_modules\express\lib\router\index.js:286:9
    at Function.process_params (C:\Users\user.DESKTOP-I9IFEEO\AppData\Roaming\npm\node_modules\appium\node_modules\express\lib\router\index.js:346:12)
    at next (C:\Users\user.DESKTOP-I9IFEEO\AppData\Roaming\npm\node_modules\appium\node_modules\express\lib\router\index.js:280:10)
    at jsonParser (C:\Users\user.DESKTOP-I9IFEEO\AppData\Roaming\npm\node_modules\appium\node_modules\body-parser\lib\types\json.js:113:7)
    at Layer.handle [as handle_request] (C:\Users\user.DESKTOP-I9IFEEO\AppData\Roaming\npm\node_modules\appium\node_modules\express\lib\router\layer.js:95:5)
    at trim_prefix (C:\Users\user.DESKTOP-I9IFEEO\AppData\Roaming\npm\node_modules\appium\node_modules\express\lib\router\index.js:328:13)
    at C:\Users\user.DESKTOP-I9IFEEO\AppData\Roaming\npm\node_modules\appium\node_modules\express\lib\router\index.js:286:9
    at Function.process_params (C:\Users\user.DESKTOP-I9IFEEO\AppData\Roaming\npm\node_modules\appium\node_modules\express\lib\router\index.js:346:12)
    at next (C:\Users\user.DESKTOP-I9IFEEO\AppData\Roaming\npm\node_modules\appium\node_modules\express\lib\router\index.js:280:10)
    at Layer.handle [as handle_request] (C:\Users\user.DESKTOP-I9IFEEO\AppData\Roaming\npm\node_modules\appium\node_modules\express\lib\router\layer.js:91:12)
    at trim_prefix (C:\Users\user.DESKTOP-I9IFEEO\AppData\Roaming\npm\node_modules\appium\node_modules\express\lib\router\index.js:328:13)
    at C:\Users\user.DESKTOP-I9IFEEO\AppData\Roaming\npm\node_modules\appium\node_modules\express\lib\router\index.js:286:9
    at Function.process_params (C:\Users\user.DESKTOP-I9IFEEO\AppData\Roaming\npm\node_modules\appium\node_modules\express\lib\router\index.js:346:12)
    at next (C:\Users\user.DESKTOP-I9IFEEO\AppData\Roaming\npm\node_modules\appium\node_modules\express\lib\router\index.js:280:10)
    at methodOverride (C:\Users\user.DESKTOP-I9IFEEO\AppData\Roaming\npm\node_modules\appium\node_modules\method-override\index.js:65:14)
    at Layer.handle [as handle_request] (C:\Users\user.DESKTOP-I9IFEEO\AppData\Roaming\npm\node_modules\appium\node_modules\express\lib\router\layer.js:95:5)
    at trim_prefix (C:\Users\user.DESKTOP-I9IFEEO\AppData\Roaming\npm\node_modules\appium\node_modules\express\lib\router\index.js:328:13)
    at C:\Users\user.DESKTOP-I9IFEEO\AppData\Roaming\npm\node_modules\appium\node_modules\express\lib\router\index.js:286:9
    at Function.process_params (C:\Users\user.DESKTOP-I9IFEEO\AppData\Roaming\npm\node_modules\appium\node_modules\express\lib\router\index.js:346:12)
    at next (C:\Users\user.DESKTOP-I9IFEEO\AppData\Roaming\npm\node_modules\appium\node_modules\express\lib\router\index.js:280:10)
&amp#27;[38;5;201m[2fe469a6]&amp#27;[0m&amp#27;[38;5;86m[HTTP]&amp#27;[0m &amp#27;[37m<-- GET /session/2fe469a6-0293-4b0d-b6c8-866df249ed8f/timeouts &amp#27;[39m&amp#27;[33m404&amp#27;[39m &amp#27;[90m2 ms - 5394&amp#27;[39m &amp#27;[90m&amp#27;[39m
&amp#27;[38;5;201m[2fe469a6]&amp#27;[0m&amp#27;[38;5;86m[HTTP]&amp#27;[0m &amp#27;[37m-->&amp#27;[39m &amp#27;[37mGET&amp#27;[39m &amp#27;[37m/session/2fe469a6-0293-4b0d-b6c8-866df249ed8f/timeouts&amp#27;[39m &amp#27;[90m{}&amp#27;[39m
&amp#27;[38;5;201m[2fe469a6]&amp#27;[0m&amp#27;[38;5;107m[AppiumDriver@40a8]&amp#27;[0m Encountered internal error running command: NoSuchDriverError: A session is either terminated or not started
    at asyncHandler (C:\Users\user.DESKTOP-I9IFEEO\AppData\Roaming\npm\node_modules\appium\node_modules\@appium\base-driver\lib\protocol\protocol.js:311:15)
    at C:\Users\user.DESKTOP-I9IFEEO\AppData\Roaming\npm\node_modules\appium\node_modules\@appium\base-driver\lib\protocol\protocol.js:514:15
    at Layer.handle [as handle_request] (C:\Users\user.DESKTOP-I9IFEEO\AppData\Roaming\npm\node_modules\appium\node_modules\express\lib\router\layer.js:95:5)
    at next (C:\Users\user.DESKTOP-I9IFEEO\AppData\Roaming\npm\node_modules\appium\node_modules\express\lib\router\route.js:149:13)
    at Route.dispatch (C:\Users\user.DESKTOP-I9IFEEO\AppData\Roaming\npm\node_modules\appium\node_modules\express\lib\router\route.js:119:3)
    at Layer.handle [as handle_request] (C:\Users\user.DESKTOP-I9IFEEO\AppData\Roaming\npm\node_modules\appium\node_modules\express\lib\router\layer.js:95:5)
    at C:\Users\user.DESKTOP-I9IFEEO\AppData\Roaming\npm\node_modules\appium\node_modules\express\lib\router\index.js:284:15
    at param (C:\Users\user.DESKTOP-I9IFEEO\AppData\Roaming\npm\node_modules\appium\node_modules\express\lib\router\index.js:365:14)
    at param (C:\Users\user.DESKTOP-I9IFEEO\AppData\Roaming\npm\node_modules\appium\node_modules\express\lib\router\index.js:376:14)
    at Function.process_params (C:\Users\user.DESKTOP-I9IFEEO\AppData\Roaming\npm\node_modules\appium\node_modules\express\lib\router\index.js:421:3)
    at next (C:\Users\user.DESKTOP-I9IFEEO\AppData\Roaming\npm\node_modules\appium\node_modules\express\lib\router\index.js:280:10)
    at logger (C:\Users\user.DESKTOP-I9IFEEO\AppData\Roaming\npm\node_modules\appium\node_modules\morgan\index.js:144:5)
    at Layer.handle [as handle_request] (C:\Users\user.DESKTOP-I9IFEEO\AppData\Roaming\npm\node_modules\appium\node_modules\express\lib\router\layer.js:95:5)
    at trim_prefix (C:\Users\user.DESKTOP-I9IFEEO\AppData\Roaming\npm\node_modules\appium\node_modules\express\lib\router\index.js:328:13)
    at C:\Users\user.DESKTOP-I9IFEEO\AppData\Roaming\npm\node_modules\appium\node_modules\express\lib\router\index.js:286:9
    at Function.process_params (C:\Users\user.DESKTOP-I9IFEEO\AppData\Roaming\npm\node_modules\appium\node_modules\express\lib\router\index.js:346:12)
    at next (C:\Users\user.DESKTOP-I9IFEEO\AppData\Roaming\npm\node_modules\appium\node_modules\express\lib\router\index.js:280:10)
    at jsonParser (C:\Users\user.DESKTOP-I9IFEEO\AppData\Roaming\npm\node_modules\appium\node_modules\body-parser\lib\types\json.js:113:7)
    at Layer.handle [as handle_request] (C:\Users\user.DESKTOP-I9IFEEO\AppData\Roaming\npm\node_modules\appium\node_modules\express\lib\router\layer.js:95:5)
    at trim_prefix (C:\Users\user.DESKTOP-I9IFEEO\AppData\Roaming\npm\node_modules\appium\node_modules\express\lib\router\index.js:328:13)
    at C:\Users\user.DESKTOP-I9IFEEO\AppData\Roaming\npm\node_modules\appium\node_modules\express\lib\router\index.js:286:9
    at Function.process_params (C:\Users\user.DESKTOP-I9IFEEO\AppData\Roaming\npm\node_modules\appium\node_modules\express\lib\router\index.js:346:12)
    at next (C:\Users\user.DESKTOP-I9IFEEO\AppData\Roaming\npm\node_modules\appium\node_modules\express\lib\router\index.js:280:10)
    at Layer.handle [as handle_request] (C:\Users\user.DESKTOP-I9IFEEO\AppData\Roaming\npm\node_modules\appium\node_modules\express\lib\router\layer.js:91:12)
    at trim_prefix (C:\Users\user.DESKTOP-I9IFEEO\AppData\Roaming\npm\node_modules\appium\node_modules\express\lib\router\index.js:328:13)
    at C:\Users\user.DESKTOP-I9IFEEO\AppData\Roaming\npm\node_modules\appium\node_modules\express\lib\router\index.js:286:9
    at Function.process_params (C:\Users\user.DESKTOP-I9IFEEO\AppData\Roaming\npm\node_modules\appium\node_modules\express\lib\router\index.js:346:12)
    at next (C:\Users\user.DESKTOP-I9IFEEO\AppData\Roaming\npm\node_modules\appium\node_modules\express\lib\router\index.js:280:10)
    at methodOverride (C:\Users\user.DESKTOP-I9IFEEO\AppData\Roaming\npm\node_modules\appium\node_modules\method-override\index.js:65:14)
    at Layer.handle [as handle_request] (C:\Users\user.DESKTOP-I9IFEEO\AppData\Roaming\npm\node_modules\appium\node_modules\express\lib\router\layer.js:95:5)
    at trim_prefix (C:\Users\user.DESKTOP-I9IFEEO\AppData\Roaming\npm\node_modules\appium\node_modules\express\lib\router\index.js:328:13)
    at C:\Users\user.DESKTOP-I9IFEEO\AppData\Roaming\npm\node_modules\appium\node_modules\express\lib\router\index.js:286:9
    at Function.process_params (C:\Users\user.DESKTOP-I9IFEEO\AppData\Roaming\npm\node_modules\appium\node_modules\express\lib\router\index.js:346:12)
    at next (C:\Users\user.DESKTOP-I9IFEEO\AppData\Roaming\npm\node_modules\appium\node_modules\express\lib\router\index.js:280:10)
&amp#27;[38;5;201m[2fe469a6]&amp#27;[0m&amp#27;[38;5;86m[HTTP]&amp#27;[0m &amp#27;[37m<-- GET /session/2fe469a6-0293-4b0d-b6c8-866df249ed8f/timeouts &amp#27;[39m&amp#27;[33m404&amp#27;[39m &amp#27;[90m2 ms - 5394&amp#27;[39m &amp#27;[90m&amp#27;[39m
Permission dialog not found or already granted
&amp#27;[38;5;201m[2fe469a6]&amp#27;[0m&amp#27;[38;5;86m[HTTP]&amp#27;[0m &amp#27;[37m-->&amp#27;[39m &amp#27;[37mGET&amp#27;[39m &amp#27;[37m/session/2fe469a6-0293-4b0d-b6c8-866df249ed8f/timeouts&amp#27;[39m &amp#27;[90m{}&amp#27;[39m
&amp#27;[38;5;201m[2fe469a6]&amp#27;[0m&amp#27;[38;5;107m[AppiumDriver@40a8]&amp#27;[0m Encountered internal error running command: NoSuchDriverError: A session is either terminated or not started
    at asyncHandler (C:\Users\user.DESKTOP-I9IFEEO\AppData\Roaming\npm\node_modules\appium\node_modules\@appium\base-driver\lib\protocol\protocol.js:311:15)
    at C:\Users\user.DESKTOP-I9IFEEO\AppData\Roaming\npm\node_modules\appium\node_modules\@appium\base-driver\lib\protocol\protocol.js:514:15
    at Layer.handle [as handle_request] (C:\Users\user.DESKTOP-I9IFEEO\AppData\Roaming\npm\node_modules\appium\node_modules\express\lib\router\layer.js:95:5)
    at next (C:\Users\user.DESKTOP-I9IFEEO\AppData\Roaming\npm\node_modules\appium\node_modules\express\lib\router\route.js:149:13)
    at Route.dispatch (C:\Users\user.DESKTOP-I9IFEEO\AppData\Roaming\npm\node_modules\appium\node_modules\express\lib\router\route.js:119:3)
    at Layer.handle [as handle_request] (C:\Users\user.DESKTOP-I9IFEEO\AppData\Roaming\npm\node_modules\appium\node_modules\express\lib\router\layer.js:95:5)
    at C:\Users\user.DESKTOP-I9IFEEO\AppData\Roaming\npm\node_modules\appium\node_modules\express\lib\router\index.js:284:15
    at param (C:\Users\user.DESKTOP-I9IFEEO\AppData\Roaming\npm\node_modules\appium\node_modules\express\lib\router\index.js:365:14)
    at param (C:\Users\user.DESKTOP-I9IFEEO\AppData\Roaming\npm\node_modules\appium\node_modules\express\lib\router\index.js:376:14)
    at Function.process_params (C:\Users\user.DESKTOP-I9IFEEO\AppData\Roaming\npm\node_modules\appium\node_modules\express\lib\router\index.js:421:3)
    at next (C:\Users\user.DESKTOP-I9IFEEO\AppData\Roaming\npm\node_modules\appium\node_modules\express\lib\router\index.js:280:10)
    at logger (C:\Users\user.DESKTOP-I9IFEEO\AppData\Roaming\npm\node_modules\appium\node_modules\morgan\index.js:144:5)
    at Layer.handle [as handle_request] (C:\Users\user.DESKTOP-I9IFEEO\AppData\Roaming\npm\node_modules\appium\node_modules\express\lib\router\layer.js:95:5)
    at trim_prefix (C:\Users\user.DESKTOP-I9IFEEO\AppData\Roaming\npm\node_modules\appium\node_modules\express\lib\router\index.js:328:13)
    at C:\Users\user.DESKTOP-I9IFEEO\AppData\Roaming\npm\node_modules\appium\node_modules\express\lib\router\index.js:286:9
    at Function.process_params (C:\Users\user.DESKTOP-I9IFEEO\AppData\Roaming\npm\node_modules\appium\node_modules\express\lib\router\index.js:346:12)
    at next (C:\Users\user.DESKTOP-I9IFEEO\AppData\Roaming\npm\node_modules\appium\node_modules\express\lib\router\index.js:280:10)
    at jsonParser (C:\Users\user.DESKTOP-I9IFEEO\AppData\Roaming\npm\node_modules\appium\node_modules\body-parser\lib\types\json.js:113:7)
    at Layer.handle [as handle_request] (C:\Users\user.DESKTOP-I9IFEEO\AppData\Roaming\npm\node_modules\appium\node_modules\express\lib\router\layer.js:95:5)
    at trim_prefix (C:\Users\user.DESKTOP-I9IFEEO\AppData\Roaming\npm\node_modules\appium\node_modules\express\lib\router\index.js:328:13)
    at C:\Users\user.DESKTOP-I9IFEEO\AppData\Roaming\npm\node_modules\appium\node_modules\express\lib\router\index.js:286:9
    at Function.process_params (C:\Users\user.DESKTOP-I9IFEEO\AppData\Roaming\npm\node_modules\appium\node_modules\express\lib\router\index.js:346:12)
    at next (C:\Users\user.DESKTOP-I9IFEEO\AppData\Roaming\npm\node_modules\appium\node_modules\express\lib\router\index.js:280:10)
    at Layer.handle [as handle_request] (C:\Users\user.DESKTOP-I9IFEEO\AppData\Roaming\npm\node_modules\appium\node_modules\express\lib\router\layer.js:91:12)
    at trim_prefix (C:\Users\user.DESKTOP-I9IFEEO\AppData\Roaming\npm\node_modules\appium\node_modules\express\lib\router\index.js:328:13)
    at C:\Users\user.DESKTOP-I9IFEEO\AppData\Roaming\npm\node_modules\appium\node_modules\express\lib\router\index.js:286:9
    at Function.process_params (C:\Users\user.DESKTOP-I9IFEEO\AppData\Roaming\npm\node_modules\appium\node_modules\express\lib\router\index.js:346:12)
    at next (C:\Users\user.DESKTOP-I9IFEEO\AppData\Roaming\npm\node_modules\appium\node_modules\express\lib\router\index.js:280:10)
    at methodOverride (C:\Users\user.DESKTOP-I9IFEEO\AppData\Roaming\npm\node_modules\appium\node_modules\method-override\index.js:65:14)
    at Layer.handle [as handle_request] (C:\Users\user.DESKTOP-I9IFEEO\AppData\Roaming\npm\node_modules\appium\node_modules\express\lib\router\layer.js:95:5)
    at trim_prefix (C:\Users\user.DESKTOP-I9IFEEO\AppData\Roaming\npm\node_modules\appium\node_modules\express\lib\router\index.js:328:13)
    at C:\Users\user.DESKTOP-I9IFEEO\AppData\Roaming\npm\node_modules\appium\node_modules\express\lib\router\index.js:286:9
    at Function.process_params (C:\Users\user.DESKTOP-I9IFEEO\AppData\Roaming\npm\node_modules\appium\node_modules\express\lib\router\index.js:346:12)
    at next (C:\Users\user.DESKTOP-I9IFEEO\AppData\Roaming\npm\node_modules\appium\node_modules\express\lib\router\index.js:280:10)
&amp#27;[38;5;201m[2fe469a6]&amp#27;[0m&amp#27;[38;5;86m[HTTP]&amp#27;[0m &amp#27;[37m<-- GET /session/2fe469a6-0293-4b0d-b6c8-866df249ed8f/timeouts &amp#27;[39m&amp#27;[33m404&amp#27;[39m &amp#27;[90m1 ms - 5394&amp#27;[39m &amp#27;[90m&amp#27;[39m
Permission dialog not found or already granted
]]></system-out>
    <system-err><![CDATA[SLF4J(W): No SLF4J providers were found.
SLF4J(W): Defaulting to no-operation (NOP) logger implementation
SLF4J(W): See https://www.slf4j.org/codes.html#noProviders for further details.
]]></system-err>
  </testcase>
</testsuite>