<?xml version="1.0" encoding="UTF-8"?>
<!-- Generated by org.testng.reporters.JUnitReportReporter -->
<testsuite hostname="DESKTOP-I9IFEEO" failures="0" tests="1" name="CompeteHealth.TestComponents.creation" time="86.312" errors="0" timestamp="2025-07-18T18:33:49 IST" skipped="0">
  <testcase classname="CompeteHealth.TestComponents.creation" name="challengecreation" time="86.312"/>
</testsuite> <!-- CompeteHealth.TestComponents.creation -->
