<?xml version="1.0" encoding="UTF-8"?>
<!-- Generated by org.testng.reporters.JUnitReportReporter -->
<testsuite hostname="DESKTOP-I9IFEEO" failures="0" tests="1" name="CompeteHealth.TestComponents.creation" time="82.523" errors="0" timestamp="2025-07-18T14:23:04 IST" skipped="0">
  <testcase classname="CompeteHealth.TestComponents.creation" name="challengecreation" time="82.523"/>
</testsuite> <!-- CompeteHealth.TestComponents.creation -->
