<?xml version="1.0" encoding="UTF-8"?>
<!-- Generated by org.testng.reporters.JUnitReportReporter -->
<testsuite hostname="Akshit-PC" failures="0" tests="1" name="CompeteHealth.TestComponents.Creation" time="227.032" errors="0" timestamp="2025-09-01T13:53:40 IST" skipped="0">
  <testcase classname="CompeteHealth.TestComponents.Creation" name="ChallengeCreation" time="227.032"/>
</testsuite> <!-- CompeteHealth.TestComponents.Creation -->
