<?xml version="1.0" encoding="UTF-8"?>
<!-- Generated by org.testng.reporters.JUnitReportReporter -->
<testsuite hostname="Akshit-PC" failures="0" tests="1" name="CompeteHealth.TestComponents.Creation" time="195.898" errors="0" timestamp="2025-08-29T16:58:59 IST" skipped="0">
  <testcase classname="CompeteHealth.TestComponents.Creation" name="challengejoin" time="195.898"/>
</testsuite> <!-- CompeteHealth.TestComponents.Creation -->
