<?xml version="1.0" encoding="UTF-8"?>
<!-- Generated by org.testng.reporters.JUnitReportReporter -->
<testsuite hostname="DESKTOP-I9IFEEO" failures="0" tests="1" name="CompeteHealth.TestComponents.creation" time="77.358" errors="0" timestamp="2025-07-18T12:44:30 IST" skipped="0">
  <testcase classname="CompeteHealth.TestComponents.creation" name="challengecreation" time="77.358"/>
</testsuite> <!-- CompeteHealth.TestComponents.creation -->
