<?xml version="1.0" encoding="UTF-8"?>
<!-- Generated by org.testng.reporters.JUnitReportReporter -->
<testsuite hostname="Akshit-PC" failures="0" tests="1" name="CompeteHealth.TestComponents.SignupandLogin" time="38.565" errors="0" timestamp="2025-09-02T17:20:25 IST" skipped="0">
  <testcase classname="CompeteHealth.TestComponents.SignupandLogin" name="loginverification" time="38.565"/>
</testsuite> <!-- CompeteHealth.TestComponents.SignupandLogin -->
