<?xml version="1.0" encoding="UTF-8"?>
<!-- Generated by org.testng.reporters.JUnitReportReporter -->
<testsuite hostname="DESKTOP-I9IFEEO" failures="0" tests="1" name="CompeteHealth.TestComponents.creation" time="176.461" errors="0" timestamp="2025-07-31T13:08:07 IST" skipped="0">
  <testcase classname="CompeteHealth.TestComponents.creation" name="ChallengeCreation" time="176.461"/>
</testsuite> <!-- CompeteHealth.TestComponents.creation -->
