<?xml version="1.0" encoding="UTF-8"?>
<!-- Generated by org.testng.reporters.JUnitReportReporter -->
<testsuite hostname="Akshit-PC" failures="0" tests="1" name="CompeteHealth.TestComponents.BasicSetupTest" time="0.005" errors="0" timestamp="2025-08-25T12:32:12 IST" skipped="0">
  <testcase classname="CompeteHealth.TestComponents.BasicSetupTest" name="testBasicSetup" time="0.005"/>
</testsuite> <!-- CompeteHealth.TestComponents.BasicSetupTest -->
