<?xml version="1.0" encoding="UTF-8"?>
<!-- Generated by org.testng.reporters.JUnitReportReporter -->
<testsuite hostname="DESKTOP-I9IFEEO" failures="0" tests="1" name="CompeteHealth.TestComponents.creation" time="91.271" errors="0" timestamp="2025-07-29T16:59:59 IST" skipped="0">
  <testcase classname="CompeteHealth.TestComponents.creation" name="challengecreationTest" time="91.271"/>
</testsuite> <!-- CompeteHealth.TestComponents.creation -->
