<?xml version="1.0" encoding="UTF-8"?>
<!-- Generated by org.testng.reporters.JUnitReportReporter -->
<testsuite hostname="Akshit-PC" failures="0" tests="1" name="CompeteHealth.TestComponents.creation" time="602.307" errors="0" timestamp="2025-08-25T19:05:40 IST" skipped="0">
  <testcase classname="CompeteHealth.TestComponents.creation" name="ChallengeCreation" time="602.307"/>
</testsuite> <!-- CompeteHealth.TestComponents.creation -->
